<?xml version="1.0" encoding="UTF-8"?>
<testsuite name="com.ThoughtWorks.DDD.Inventory.InventoryApplicationTests" tests="1" skipped="0" failures="0" errors="0" timestamp="2017-12-02T08:36:42" hostname="wangyan-mac-2016.local" time="0.042">
  <properties/>
  <testcase name="contextLoads" classname="com.ThoughtWorks.DDD.Inventory.InventoryApplicationTests" time="0.042"/>
  <system-out><![CDATA[16:36:20.049 [Test worker] DEBUG org.springframework.test.context.junit4.SpringJUnit4ClassRunner - SpringJUnit4ClassRunner constructor called with [class com.ThoughtWorks.DDD.Inventory.InventoryApplicationTests]
16:36:20.055 [Test worker] DEBUG org.springframework.test.context.BootstrapUtils - Instantiating CacheAwareContextLoaderDelegate from class [org.springframework.test.context.cache.DefaultCacheAwareContextLoaderDelegate]
16:36:20.063 [Test worker] DEBUG org.springframework.test.context.BootstrapUtils - Instantiating BootstrapContext using constructor [public org.springframework.test.context.support.DefaultBootstrapContext(java.lang.Class,org.springframework.test.context.CacheAwareContextLoaderDelegate)]
16:36:20.078 [Test worker] DEBUG org.springframework.test.context.BootstrapUtils - Instantiating TestContextBootstrapper for test class [com.ThoughtWorks.DDD.Inventory.InventoryApplicationTests] from class [org.springframework.boot.test.context.SpringBootTestContextBootstrapper]
16:36:20.091 [Test worker] INFO org.springframework.boot.test.context.SpringBootTestContextBootstrapper - Neither @ContextConfiguration nor @ContextHierarchy found for test class [com.ThoughtWorks.DDD.Inventory.InventoryApplicationTests], using SpringBootContextLoader
16:36:20.094 [Test worker] DEBUG org.springframework.test.context.support.AbstractContextLoader - Did not detect default resource location for test class [com.ThoughtWorks.DDD.Inventory.InventoryApplicationTests]: class path resource [com/ThoughtWorks/DDD/Inventory/InventoryApplicationTests-context.xml] does not exist
16:36:20.095 [Test worker] DEBUG org.springframework.test.context.support.AbstractContextLoader - Did not detect default resource location for test class [com.ThoughtWorks.DDD.Inventory.InventoryApplicationTests]: class path resource [com/ThoughtWorks/DDD/Inventory/InventoryApplicationTestsContext.groovy] does not exist
16:36:20.095 [Test worker] INFO org.springframework.test.context.support.AbstractContextLoader - Could not detect default resource locations for test class [com.ThoughtWorks.DDD.Inventory.InventoryApplicationTests]: no resource found for suffixes {-context.xml, Context.groovy}.
16:36:20.096 [Test worker] INFO org.springframework.test.context.support.AnnotationConfigContextLoaderUtils - Could not detect default configuration classes for test class [com.ThoughtWorks.DDD.Inventory.InventoryApplicationTests]: InventoryApplicationTests does not declare any static, non-private, non-final, nested classes annotated with @Configuration.
16:36:20.149 [Test worker] DEBUG org.springframework.core.env.StandardEnvironment - Adding PropertySource 'systemProperties' with lowest search precedence
16:36:20.150 [Test worker] DEBUG org.springframework.core.env.StandardEnvironment - Adding PropertySource 'systemEnvironment' with lowest search precedence
16:36:20.151 [Test worker] DEBUG org.springframework.core.env.StandardEnvironment - Initialized StandardEnvironment with PropertySources [MapPropertySource@1623072633 {name='systemProperties', properties={java.runtime.name=Java(TM) SE Runtime Environment, sun.boot.library.path=/Library/Java/JavaVirtualMachines/jdk1.8.0_77.jdk/Contents/Home/jre/lib, java.vm.version=25.77-b03, gopherProxySet=false, java.vm.vendor=Oracle Corporation, java.vendor.url=http://java.oracle.com/, path.separator=:, java.vm.name=Java HotSpot(TM) 64-Bit Server VM, file.encoding.pkg=sun.io, sun.java.launcher=SUN_STANDARD, user.country=US, sun.os.patch.level=unknown, java.vm.specification.name=Java Virtual Machine Specification, user.dir=/Users/victoryw/myfiles/worksspace/DDD-Sample/DDD-MicroService-Kata/petstore-inventory, java.runtime.version=1.8.0_77-b03, java.awt.graphicsenv=sun.awt.CGraphicsEnvironment, java.endorsed.dirs=/Library/Java/JavaVirtualMachines/jdk1.8.0_77.jdk/Contents/Home/jre/lib/endorsed, os.arch=x86_64, java.io.tmpdir=/var/folders/2l/nfd5flwn5bv8tkm2w12r8qj00000gn/T/, line.separator=
, java.vm.specification.vendor=Oracle Corporation, user.variant=, os.name=Mac OS X, sun.jnu.encoding=UTF-8, java.library.path=/Users/victoryw/Library/Java/Extensions:/Library/Java/Extensions:/Network/Library/Java/Extensions:/System/Library/Java/Extensions:/usr/lib/java:., java.specification.name=Java Platform API Specification, java.class.version=52.0, sun.management.compiler=HotSpot 64-Bit Tiered Compilers, os.version=10.13.1, user.home=/Users/victoryw, user.timezone=Asia/Shanghai, java.awt.printerjob=sun.lwawt.macosx.CPrinterJob, file.encoding=UTF-8, java.specification.version=1.8, java.class.path=/Users/victoryw/myfiles/worksspace/DDD-Sample/DDD-MicroService-Kata/petstore-inventory/build/classes/test:/Users/victoryw/myfiles/worksspace/DDD-Sample/DDD-MicroService-Kata/petstore-inventory/build/resources/test:/Users/victoryw/myfiles/worksspace/DDD-Sample/DDD-MicroService-Kata/petstore-inventory/build/classes/main:/Users/victoryw/myfiles/worksspace/DDD-Sample/DDD-MicroService-Kata/petstore-inventory/build/resources/main:/Users/victoryw/.gradle/caches/modules-2/files-2.1/org.springframework.boot/spring-boot-starter-web/1.5.7.RELEASE/a862305be8b7512a41f6768d825ed37251ccbbe0/spring-boot-starter-web-1.5.7.RELEASE.jar:/Users/victoryw/.gradle/caches/modules-2/files-2.1/org.springframework.boot/spring-boot-starter-data-jpa/1.5.7.RELEASE/ccdf14487724b7c1343e5d2605f7170c026e405/spring-boot-starter-data-jpa-1.5.7.RELEASE.jar:/Users/victoryw/.gradle/caches/modules-2/files-2.1/org.springframework.cloud/spring-cloud-starter-consul-all/1.2.1.RELEASE/50a5bbd0e64f7c6762fa913d736b50dec3d3d03/spring-cloud-starter-consul-all-1.2.1.RELEASE.jar:/Users/victoryw/.gradle/caches/modules-2/files-2.1/org.springframework.cloud/spring-cloud-starter-ribbon/1.3.5.RELEASE/42b1fbe8f07b3f7c464b0b7a667e3177e22f4da4/spring-cloud-starter-ribbon-1.3.5.RELEASE.jar:/Users/victoryw/.gradle/caches/modules-2/files-2.1/org.springframework.cloud/spring-cloud-starter-feign/1.3.5.RELEASE/f09ffc581a85fe020edef940a36b0a9127fdd8b9/spring-cloud-starter-feign-1.3.5.RELEASE.jar:/Users/victoryw/.gradle/caches/modules-2/files-2.1/io.springfox/springfox-swagger2/2.6.1/73c3a70ec0b10b61c8eb9ef1659131cd78dbbd82/springfox-swagger2-2.6.1.jar:/Users/victoryw/.gradle/caches/modules-2/files-2.1/io.springfox/springfox-swagger-ui/2.6.1/4c854c86c91ab36c86fc1a63571a0614c2ea9ab2/springfox-swagger-ui-2.6.1.jar:/Users/victoryw/.gradle/caches/modules-2/files-2.1/org.flywaydb/flyway-core/4.1.1/79ac555820c88ea5b4aabdcd8f545ca90dc1c916/flyway-core-4.1.1.jar:/Users/victoryw/.gradle/caches/modules-2/files-2.1/mysql/mysql-connector-java/5.1.44/61b6b998192c85bb581c6be90e03dcd4b9079db4/mysql-connector-java-5.1.44.jar:/Users/victoryw/.gradle/caches/modules-2/files-2.1/org.springframework.boot/spring-boot-starter-test/1.5.7.RELEASE/d23f37a72c2d4e46aba66bc69a649213f9cadeee/spring-boot-starter-test-1.5.7.RELEASE.jar:/Users/victoryw/.gradle/caches/modules-2/files-2.1/com.h2database/h2/1.4.196/dd0034398d593aa3588c6773faac429bbd9aea0e/h2-1.4.196.jar:/Users/victoryw/.gradle/caches/modules-2/files-2.1/com.github.tomakehurst/wiremock-standalone/2.12.0/25f45d45091627a3bae5510495c99a561b2633c4/wiremock-standalone-2.12.0.jar:/Users/victoryw/.gradle/caches/modules-2/files-2.1/org.springframework.boot/spring-boot-starter/1.5.7.RELEASE/b42fe6962dd8b3be4ac8c1d7134d0ca2d0a35c7e/spring-boot-starter-1.5.7.RELEASE.jar:/Users/victoryw/.gradle/caches/modules-2/files-2.1/org.springframework.boot/spring-boot-starter-tomcat/1.5.7.RELEASE/eae533e2a0111a51d812912acb3d3e2368736d1b/spring-boot-starter-tomcat-1.5.7.RELEASE.jar:/Users/victoryw/.gradle/caches/modules-2/files-2.1/org.hibernate/hibernate-validator/5.3.5.Final/622a9bcef2eed6d41b5b8e0662c36212009e375/hibernate-validator-5.3.5.Final.jar:/Users/victoryw/.gradle/caches/modules-2/files-2.1/com.fasterxml.jackson.core/jackson-databind/2.8.10/f7b83cb2bc4b88d53961e749e1ad32f49ef017b7/jackson-databind-2.8.10.jar:/Users/victoryw/.gradle/caches/modules-2/files-2.1/org.springframework/spring-web/4.3.11.RELEASE/50a3dfce550bdf9459dfb2c6282aa104b040258e/spring-web-4.3.11.RELEASE.jar:/Users/victoryw/.gradle/caches/modules-2/files-2.1/org.springframework/spring-webmvc/4.3.11.RELEASE/814f91ec4dc324e724bbe7cbc5045b234604c539/spring-webmvc-4.3.11.RELEASE.jar:/Users/victoryw/.gradle/caches/modules-2/files-2.1/org.springframework.boot/spring-boot-starter-aop/1.5.7.RELEASE/189098a72ccc0cca07ea42d6715c10524b5a93d1/spring-boot-starter-aop-1.5.7.RELEASE.jar:/Users/victoryw/.gradle/caches/modules-2/files-2.1/org.springframework.boot/spring-boot-starter-jdbc/1.5.7.RELEASE/98c652a5461ccbec70b55fd0f7815d9c9a37a082/spring-boot-starter-jdbc-1.5.7.RELEASE.jar:/Users/victoryw/.gradle/caches/modules-2/files-2.1/org.hibernate/hibernate-core/5.0.12.Final/e58bf1c660e6706d8e2cbb53bae110f574366102/hibernate-core-5.0.12.Final.jar:/Users/victoryw/.gradle/caches/modules-2/files-2.1/org.hibernate/hibernate-entitymanager/5.0.12.Final/302a526f5058290e9cbd719a5caf9f248d344719/hibernate-entitymanager-5.0.12.Final.jar:/Users/victoryw/.gradle/caches/modules-2/files-2.1/javax.transaction/javax.transaction-api/1.2/d81aff979d603edd90dcd8db2abc1f4ce6479e3e/javax.transaction-api-1.2.jar:/Users/victoryw/.gradle/caches/modules-2/files-2.1/org.springframework.data/spring-data-jpa/1.11.7.RELEASE/587051cc7d7a3ddfac6098d623a658abb2f15865/spring-data-jpa-1.11.7.RELEASE.jar:/Users/victoryw/.gradle/caches/modules-2/files-2.1/org.springframework/spring-aspects/4.3.11.RELEASE/38ab744d37aef58762a03dbe7ab1479070ebadc6/spring-aspects-4.3.11.RELEASE.jar:/Users/victoryw/.gradle/caches/modules-2/files-2.1/org.springframework.cloud/spring-cloud-starter-consul-bus/1.2.1.RELEASE/3d8fb4f88e176464d216759021eb1cac90241911/spring-cloud-starter-consul-bus-1.2.1.RELEASE.jar:/Users/victoryw/.gradle/caches/modules-2/files-2.1/org.springframework.cloud/spring-cloud-starter-consul-config/1.2.1.RELEASE/93f3a8fb3d874bccac19324ebcedfabcce28b3/spring-cloud-starter-consul-config-1.2.1.RELEASE.jar:/Users/victoryw/.gradle/caches/modules-2/files-2.1/org.springframework.cloud/spring-cloud-starter-consul-discovery/1.2.1.RELEASE/7541c096741178f231b790e3fcf89495d5fd6f21/spring-cloud-starter-consul-discovery-1.2.1.RELEASE.jar:/Users/victoryw/.gradle/caches/modules-2/files-2.1/org.springframework.cloud/spring-cloud-starter/1.2.4.RELEASE/8dedf04851bf6bc85bf3b09813ccf7775568b22b/spring-cloud-starter-1.2.4.RELEASE.jar:/Users/victoryw/.gradle/caches/modules-2/files-2.1/org.springframework.cloud/spring-cloud-netflix-core/1.3.5.RELEASE/2f573a8b99146dd733b34480b5e11b3c34944e70/spring-cloud-netflix-core-1.3.5.RELEASE.jar:/Users/victoryw/.gradle/caches/modules-2/files-2.1/org.springframework.cloud/spring-cloud-starter-archaius/1.3.5.RELEASE/944357583c3c38b5b316c18919e844fe2ff66a17/spring-cloud-starter-archaius-1.3.5.RELEASE.jar:/Users/victoryw/.gradle/caches/modules-2/files-2.1/com.netflix.ribbon/ribbon/2.2.2/8375769b9a922dc5339eba8536fcd3b204604ec4/ribbon-2.2.2.jar:/Users/victoryw/.gradle/caches/modules-2/files-2.1/com.netflix.ribbon/ribbon-core/2.2.2/e4e35763c347c6a3936735d687f1bd25c188634/ribbon-core-2.2.2.jar:/Users/victoryw/.gradle/caches/modules-2/files-2.1/com.netflix.ribbon/ribbon-httpclient/2.2.2/88c3f39aa09591964923d60f92c13d3a91125d81/ribbon-httpclient-2.2.2.jar:/Users/victoryw/.gradle/caches/modules-2/files-2.1/com.netflix.ribbon/ribbon-loadbalancer/2.2.2/dad3e307fb759c3be36d93a1a7a2a031569d8de8/ribbon-loadbalancer-2.2.2.jar:/Users/victoryw/.gradle/caches/modules-2/files-2.1/io.reactivex/rxjava/1.1.10/2ac360e8a47601a8dfd044e646f05b99d151f2e0/rxjava-1.1.10.jar:/Users/victoryw/.gradle/caches/modules-2/files-2.1/org.springframework.cloud/spring-cloud-commons/1.2.4.RELEASE/d3b5ca7d53415c7a28d539c211577e9983e6d6cb/spring-cloud-commons-1.2.4.RELEASE.jar:/Users/victoryw/.gradle/caches/modules-2/files-2.1/io.github.openfeign/feign-core/9.5.0/7b89da81b21d8cdd4f5b4c79b730dbc11427bb14/feign-core-9.5.0.jar:/Users/victoryw/.gradle/caches/modules-2/files-2.1/io.github.openfeign/feign-slf4j/9.5.0/bd87fd711ac41e952c63e25a1d68df5b4cc1e0a3/feign-slf4j-9.5.0.jar:/Users/victoryw/.gradle/caches/modules-2/files-2.1/io.github.openfeign/feign-hystrix/9.5.0/1a715fb47635793c5302fcdd3f880ed6ec2816fd/feign-hystrix-9.5.0.jar:/Users/victoryw/.gradle/caches/modules-2/files-2.1/io.swagger/swagger-annotations/1.5.10/246ec68bce560227d3633d5ab5979437544bd6dc/swagger-annotations-1.5.10.jar:/Users/victoryw/.gradle/caches/modules-2/files-2.1/io.swagger/swagger-models/1.5.10/da29e4f4f7cff80b1ef134b0f3805013be443e58/swagger-models-1.5.10.jar:/Users/victoryw/.gradle/caches/modules-2/files-2.1/io.springfox/springfox-spi/2.6.1/972ae720c6a9a5f31be2744972b435cc39166174/springfox-spi-2.6.1.jar:/Users/victoryw/.gradle/caches/modules-2/files-2.1/io.springfox/springfox-schema/2.6.1/b4d837ed7dc726a59504d2e6587e162e071a8965/springfox-schema-2.6.1.jar:/Users/victoryw/.gradle/caches/modules-2/files-2.1/io.springfox/springfox-swagger-common/2.6.1/47befb039a0a1f0cdaab74d2777fa9eb6b01f8db/springfox-swagger-common-2.6.1.jar:/Users/victoryw/.gradle/caches/modules-2/files-2.1/io.springfox/springfox-spring-web/2.6.1/6478ed7e49755b652aac907d42a735349056a6a/springfox-spring-web-2.6.1.jar:/Users/victoryw/.gradle/caches/modules-2/files-2.1/com.google.guava/guava/18.0/cce0823396aa693798f8882e64213b1772032b09/guava-18.0.jar:/Users/victoryw/.gradle/caches/modules-2/files-2.1/com.fasterxml/classmate/1.3.4/3d5f48f10bbe4eb7bd862f10c0583be2e0053c6/classmate-1.3.4.jar:/Users/victoryw/.gradle/caches/modules-2/files-2.1/org.slf4j/slf4j-api/1.7.25/da76ca59f6a57ee3102f8f9bd9cee742973efa8a/slf4j-api-1.7.25.jar:/Users/victoryw/.gradle/caches/modules-2/files-2.1/org.springframework.plugin/spring-plugin-core/1.2.0.RELEASE/f380e7760032e7d929184f8ad8a33716b75c0657/spring-plugin-core-1.2.0.RELEASE.jar:/Users/victoryw/.gradle/caches/modules-2/files-2.1/org.springframework.plugin/spring-plugin-metadata/1.2.0.RELEASE/97223fc496b6cab31602eedbd4202aa4fff0d44f/spring-plugin-metadata-1.2.0.RELEASE.jar:/Users/victoryw/.gradle/caches/modules-2/files-2.1/org.mapstruct/mapstruct/1.0.0.Final/794bb2c7d3dd69211deb22857d92fb4c5361be3f/mapstruct-1.0.0.Final.jar:/Users/victoryw/.gradle/caches/modules-2/files-2.1/org.springframework.boot/spring-boot-test/1.5.7.RELEASE/b8d77445d48f4320f404d8f13f4e5cb95bc36b30/spring-boot-test-1.5.7.RELEASE.jar:/Users/victoryw/.gradle/caches/modules-2/files-2.1/org.springframework.boot/spring-boot-test-autoconfigure/1.5.7.RELEASE/8bead16b97c9f1b5fe7c47f3e030dd9351a6974d/spring-boot-test-autoconfigure-1.5.7.RELEASE.jar:/Users/victoryw/.gradle/caches/modules-2/files-2.1/com.jayway.jsonpath/json-path/2.2.0/22290d17944bd239fabf5ac69005a60a7ecbbbcb/json-path-2.2.0.jar:/Users/victoryw/.gradle/caches/modules-2/files-2.1/junit/junit/4.12/2973d150c0dc1fefe998f834810d68f278ea58ec/junit-4.12.jar:/Users/victoryw/.gradle/caches/modules-2/files-2.1/org.assertj/assertj-core/2.6.0/b532c3fc4f66bcfee4989a3514f1cd56203a33ad/assertj-core-2.6.0.jar:/Users/victoryw/.gradle/caches/modules-2/files-2.1/org.mockito/mockito-core/1.10.19/e8546f5bef4e061d8dd73895b4e8f40e3fe6effe/mockito-core-1.10.19.jar:/Users/victoryw/.gradle/caches/modules-2/files-2.1/org.hamcrest/hamcrest-core/1.3/42a25dc3219429f0e5d060061f71acb49bf010a0/hamcrest-core-1.3.jar:/Users/victoryw/.gradle/caches/modules-2/files-2.1/org.hamcrest/hamcrest-library/1.3/4785a3c21320980282f9f33d0d1264a69040538f/hamcrest-library-1.3.jar:/Users/victoryw/.gradle/caches/modules-2/files-2.1/org.skyscreamer/jsonassert/1.4.0/9cdbb373a06f6513e51e8c545ee6a5e981463edb/jsonassert-1.4.0.jar:/Users/victoryw/.gradle/caches/modules-2/files-2.1/org.springframework/spring-core/4.3.11.RELEASE/eb30ed093f628279d3aead068fd478fa343f1dad/spring-core-4.3.11.RELEASE.jar:/Users/victoryw/.gradle/caches/modules-2/files-2.1/org.springframework/spring-test/4.3.11.RELEASE/cf765b5d6d6bdc38c67522ecae3fe9549da43e1/spring-test-4.3.11.RELEASE.jar:/Users/victoryw/.gradle/caches/modules-2/files-2.1/org.springframework.boot/spring-boot/1.5.7.RELEASE/1006870df7b3dc203df7ce84463c5dd7049fdaa4/spring-boot-1.5.7.RELEASE.jar:/Users/victoryw/.gradle/caches/modules-2/files-2.1/org.springframework.boot/spring-boot-autoconfigure/1.5.7.RELEASE/e83f1407ff991e9e7eb156f49fa19d868bb73289/spring-boot-autoconfigure-1.5.7.RELEASE.jar:/Users/victoryw/.gradle/caches/modules-2/files-2.1/org.springframework.boot/spring-boot-starter-logging/1.5.7.RELEASE/c84c4ea09d7f789a0d5e936a961471e5dbd9295e/spring-boot-starter-logging-1.5.7.RELEASE.jar:/Users/victoryw/.gradle/caches/modules-2/files-2.1/org.yaml/snakeyaml/1.17/7a27ea250c5130b2922b86dea63cbb1cc10a660c/snakeyaml-1.17.jar:/Users/victoryw/.gradle/caches/modules-2/files-2.1/org.apache.tomcat.embed/tomcat-embed-core/8.5.20/b9026ee20f1f6a2b0fc3e51dd806d800901448b0/tomcat-embed-core-8.5.20.jar:/Users/victoryw/.gradle/caches/modules-2/files-2.1/org.apache.tomcat.embed/tomcat-embed-el/8.5.20/42960f481a8a80f4ffd3b865c2232820e3565bf1/tomcat-embed-el-8.5.20.jar:/Users/victoryw/.gradle/caches/modules-2/files-2.1/org.apache.tomcat.embed/tomcat-embed-websocket/8.5.20/4df9055507926a2651f691cc9964c50493a0ab29/tomcat-embed-websocket-8.5.20.jar:/Users/victoryw/.gradle/caches/modules-2/files-2.1/javax.validation/validation-api/1.1.0.Final/8613ae82954779d518631e05daa73a6a954817d5/validation-api-1.1.0.Final.jar:/Users/victoryw/.gradle/caches/modules-2/files-2.1/org.jboss.logging/jboss-logging/3.3.1.Final/c46217ab74b532568c0ed31dc599db3048bd1b67/jboss-logging-3.3.1.Final.jar:/Users/victoryw/.gradle/caches/modules-2/files-2.1/com.fasterxml.jackson.core/jackson-annotations/2.8.0/45b426f7796b741035581a176744d91090e2e6fb/jackson-annotations-2.8.0.jar:/Users/victoryw/.gradle/caches/modules-2/files-2.1/com.fasterxml.jackson.core/jackson-core/2.8.10/eb21a035c66ad307e66ec8fce37f5d50fd62d039/jackson-core-2.8.10.jar:/Users/victoryw/.gradle/caches/modules-2/files-2.1/org.springframework/spring-aop/4.3.11.RELEASE/461d0bb58f1de30203d9331adf4b51de9554de5a/spring-aop-4.3.11.RELEASE.jar:/Users/victoryw/.gradle/caches/modules-2/files-2.1/org.springframework/spring-beans/4.3.11.RELEASE/591cc35fd39292adae13f01aa13e978d0bb11936/spring-beans-4.3.11.RELEASE.jar:/Users/victoryw/.gradle/caches/modules-2/files-2.1/org.springframework/spring-context/4.3.11.RELEASE/3efec2d7c7469d49108a2b21c3f15831f7297569/spring-context-4.3.11.RELEASE.jar:/Users/victoryw/.gradle/caches/modules-2/files-2.1/org.springframework/spring-expression/4.3.11.RELEASE/fca662a2fccdad90ec22b2aaecb021047dcbe249/spring-expression-4.3.11.RELEASE.jar:/Users/victoryw/.gradle/caches/modules-2/files-2.1/org.aspectj/aspectjweaver/1.8.10/e198c5fee28988c355f74e06461614eae36b2032/aspectjweaver-1.8.10.jar:/Users/victoryw/.gradle/caches/modules-2/files-2.1/org.apache.tomcat/tomcat-jdbc/8.5.20/10d0d288d837ddfc92096920e4571054a3934160/tomcat-jdbc-8.5.20.jar:/Users/victoryw/.gradle/caches/modules-2/files-2.1/org.springframework/spring-jdbc/4.3.11.RELEASE/642ed7497d327f299caccb930af6b65e229864c4/spring-jdbc-4.3.11.RELEASE.jar:/Users/victoryw/.gradle/caches/modules-2/files-2.1/org.hibernate.javax.persistence/hibernate-jpa-2.1-api/1.0.0.Final/5e731d961297e5a07290bfaf3db1fbc8bbbf405a/hibernate-jpa-2.1-api-1.0.0.Final.jar:/Users/victoryw/.gradle/caches/modules-2/files-2.1/org.javassist/javassist/3.21.0-GA/598244f595db5c5fb713731eddbb1c91a58d959b/javassist-3.21.0-GA.jar:/Users/victoryw/.gradle/caches/modules-2/files-2.1/antlr/antlr/2.7.7/83cd2cd674a217ade95a4bb83a8a14f351f48bd0/antlr-2.7.7.jar:/Users/victoryw/.gradle/caches/modules-2/files-2.1/org.jboss/jandex/2.0.0.Final/3e899258936f94649c777193e1be846387ed54b3/jandex-2.0.0.Final.jar:/Users/victoryw/.gradle/caches/modules-2/files-2.1/dom4j/dom4j/1.6.1/5d3ccc056b6f056dbf0dddfdf43894b9065a8f94/dom4j-1.6.1.jar:/Users/victoryw/.gradle/caches/modules-2/files-2.1/org.hibernate.common/hibernate-commons-annotations/5.0.1.Final/71e1cff3fcb20d3b3af4f3363c3ddb24d33c6879/hibernate-commons-annotations-5.0.1.Final.jar:/Users/victoryw/.gradle/caches/modules-2/files-2.1/org.springframework.data/spring-data-commons/1.13.7.RELEASE/cf4538abda1f0a9cf2323d6e4204df0130aeec73/spring-data-commons-1.13.7.RELEASE.jar:/Users/victoryw/.gradle/caches/modules-2/files-2.1/org.springframework/spring-orm/4.3.11.RELEASE/7ba1b25ad62b29295aa90ae88f9f35e84861953c/spring-orm-4.3.11.RELEASE.jar:/Users/victoryw/.gradle/caches/modules-2/files-2.1/org.springframework/spring-tx/4.3.11.RELEASE/c931ee363d2269f03edfeb83d7d7fe23924ab8a1/spring-tx-4.3.11.RELEASE.jar:/Users/victoryw/.gradle/caches/modules-2/files-2.1/org.slf4j/jcl-over-slf4j/1.7.25/f8c32b13ff142a513eeb5b6330b1588dcb2c0461/jcl-over-slf4j-1.7.25.jar:/Users/victoryw/.gradle/caches/modules-2/files-2.1/org.springframework.cloud/spring-cloud-starter-consul/1.2.1.RELEASE/9422a3990fdba8abc722102a2ddad16d89b6df5c/spring-cloud-starter-consul-1.2.1.RELEASE.jar:/Users/victoryw/.gradle/caches/modules-2/files-2.1/org.springframework.cloud/spring-cloud-consul-binder/1.2.1.RELEASE/4b94165f4985ece137187cc6dc13dcc2f9415499/spring-cloud-consul-binder-1.2.1.RELEASE.jar:/Users/victoryw/.gradle/caches/modules-2/files-2.1/org.springframework.cloud/spring-cloud-bus/1.3.1.RELEASE/d679dea7cdf002e4beafa33fa30c5a5ff9f74aa1/spring-cloud-bus-1.3.1.RELEASE.jar:/Users/victoryw/.gradle/caches/modules-2/files-2.1/org.springframework.cloud/spring-cloud-consul-config/1.2.1.RELEASE/b8fd2727957b28c918bcf18792a9927b55b4cd0d/spring-cloud-consul-config-1.2.1.RELEASE.jar:/Users/victoryw/.gradle/caches/modules-2/files-2.1/org.springframework.cloud/spring-cloud-context/1.2.4.RELEASE/60d7e955ed26f1d37c48fbbd42884f348f34e593/spring-cloud-context-1.2.4.RELEASE.jar:/Users/victoryw/.gradle/caches/modules-2/files-2.1/org.springframework.cloud/spring-cloud-consul-discovery/1.2.1.RELEASE/e812e3e9253098c108a40724f52fabac8b4559ef/spring-cloud-consul-discovery-1.2.1.RELEASE.jar:/Users/victoryw/.gradle/caches/modules-2/files-2.1/joda-time/joda-time/2.9.9/f7b520c458572890807d143670c9b24f4de90897/joda-time-2.9.9.jar:/Users/victoryw/.gradle/caches/modules-2/files-2.1/org.springframework.security/spring-security-rsa/1.0.3.RELEASE/b0b1ee770597b5de1b51e9a889dfd2dc35d251b0/spring-security-rsa-1.0.3.RELEASE.jar:/Users/victoryw/.gradle/caches/modules-2/files-2.1/com.netflix.archaius/archaius-core/0.7.4/d6b5e5c541452248fd8565ccd0732623c81a30b5/archaius-core-0.7.4.jar:/Users/victoryw/.gradle/caches/modules-2/files-2.1/commons-configuration/commons-configuration/1.8/6cce40435bcd8018018f16898de01976b319941a/commons-configuration-1.8.jar:/Users/victoryw/.gradle/caches/modules-2/files-2.1/com.netflix.ribbon/ribbon-transport/2.2.2/de836ea86da897f3ecf5ac9d2cc790ea2293f017/ribbon-transport-2.2.2.jar:/Users/victoryw/.gradle/caches/modules-2/files-2.1/com.netflix.hystrix/hystrix-core/1.5.12/75379b6671fcaa9cec33035df684a68ec7741ca6/hystrix-core-1.5.12.jar:/Users/victoryw/.gradle/caches/modules-2/files-2.1/javax.inject/javax.inject/1/6975da39a7040257bd51d21a231b76c915872d38/javax.inject-1.jar:/Users/victoryw/.gradle/caches/modules-2/files-2.1/io.reactivex/rxnetty/0.4.9/5aff3c9d6bb9d9066c378bb3d2a4413ed1773bcf/rxnetty-0.4.9.jar:/Users/victoryw/.gradle/caches/modules-2/files-2.1/commons-lang/commons-lang/2.6/ce1edb914c94ebc388f086c6827e8bdeec71ac2/commons-lang-2.6.jar:/Users/victoryw/.gradle/caches/modules-2/files-2.1/commons-collections/commons-collections/3.2.2/8ad72fe39fa8c91eaaf12aadb21e0c3661fe26d5/commons-collections-3.2.2.jar:/Users/victoryw/.gradle/caches/modules-2/files-2.1/org.apache.httpcomponents/httpclient/4.5.3/d1577ae15f01ef5438c5afc62162457c00a34713/httpclient-4.5.3.jar:/Users/victoryw/.gradle/caches/modules-2/files-2.1/com.sun.jersey/jersey-client/1.19.1/2df97ebd4e5c01599584c45caa3aeb563d268eef/jersey-client-1.19.1.jar:/Users/victoryw/.gradle/caches/modules-2/files-2.1/com.sun.jersey.contribs/jersey-apache-client4/1.19.1/e1c45701a003097ace96bed4bc8fb937e9867498/jersey-apache-client4-1.19.1.jar:/Users/victoryw/.gradle/caches/modules-2/files-2.1/com.netflix.servo/servo-core/0.10.1/7461ed61647f9996c88ad822546ffc7851a45e0e/servo-core-0.10.1.jar:/Users/victoryw/.gradle/caches/modules-2/files-2.1/com.netflix.netflix-commons/netflix-commons-util/0.1.1/39e67061780476f207b31465baaed84a91ff659f/netflix-commons-util-0.1.1.jar:/Users/victoryw/.gradle/caches/modules-2/files-2.1/com.netflix.netflix-commons/netflix-statistics/0.1.1/12f6e48253f9cafa0e24d7d232ff504c52143212/netflix-statistics-0.1.1.jar:/Users/victoryw/.gradle/caches/modules-2/files-2.1/org.springframework.security/spring-security-crypto/4.2.3.RELEASE/a5c850acc91bff1970fe751d7407df81c4bce3cc/spring-security-crypto-4.2.3.RELEASE.jar:/Users/victoryw/.gradle/caches/modules-2/files-2.1/org.jvnet/animal-sniffer-annotation/1.0/67da8e0d8a8ef79c461a489f9f7bb3e86e23ccae/animal-sniffer-annotation-1.0.jar:/Users/victoryw/.gradle/caches/modules-2/files-2.1/io.springfox/springfox-core/2.6.1/5c502e6b9d50d34096077eacc384cd00f63710e1/springfox-core-2.6.1.jar:/Users/victoryw/.gradle/caches/modules-2/files-2.1/net.minidev/json-smart/2.2.1/5b9e5df7a62d1279b70dc882b041d249c4f0b002/json-smart-2.2.1.jar:/Users/victoryw/.gradle/caches/modules-2/files-2.1/org.objenesis/objenesis/2.1/87c0ea803b69252868d09308b4618f766f135a96/objenesis-2.1.jar:/Users/victoryw/.gradle/caches/modules-2/files-2.1/com.vaadin.external.google/android-json/0.0.20131108.vaadin1/fa26d351fe62a6a17f5cda1287c1c6110dec413f/android-json-0.0.20131108.vaadin1.jar:/Users/victoryw/.gradle/caches/modules-2/files-2.1/ch.qos.logback/logback-classic/1.1.11/ccedfbacef4a6515d2983e3f89ed753d5d4fb665/logback-classic-1.1.11.jar:/Users/victoryw/.gradle/caches/modules-2/files-2.1/org.slf4j/jul-to-slf4j/1.7.25/af5364cd6679bfffb114f0dec8a157aaa283b76/jul-to-slf4j-1.7.25.jar:/Users/victoryw/.gradle/caches/modules-2/files-2.1/org.slf4j/log4j-over-slf4j/1.7.25/a87bb47468f47ee7aabbd54f93e133d4215769c3/log4j-over-slf4j-1.7.25.jar:/Users/victoryw/.gradle/caches/modules-2/files-2.1/org.apache.tomcat/tomcat-juli/8.5.20/6c0579d329696059f377585d2a51455bf083d9ee/tomcat-juli-8.5.20.jar:/Users/victoryw/.gradle/caches/modules-2/files-2.1/org.springframework.cloud/spring-cloud-consul-core/1.2.1.RELEASE/b9d85b90fb9e3193ab267c8c7aef15c26758c402/spring-cloud-consul-core-1.2.1.RELEASE.jar:/Users/victoryw/.gradle/caches/modules-2/files-2.1/com.ecwid.consul/consul-api/1.2.2/49ccd9a0e1a1d3b8c41fbfa3138b3a7f5ac3615b/consul-api-1.2.2.jar:/Users/victoryw/.gradle/caches/modules-2/files-2.1/com.google.code.gson/gson/2.8.1/2a8e0aa38a2e21cb39e2f5a7d6704cbdc941da0/gson-2.8.1.jar:/Users/victoryw/.gradle/caches/modules-2/files-2.1/org.apache.httpcomponents/httpcore/4.4.6/e3fd8ced1f52c7574af952e2e6da0df8df08eb82/httpcore-4.4.6.jar:/Users/victoryw/.gradle/caches/modules-2/files-2.1/org.springframework.cloud/spring-cloud-stream/1.2.2.RELEASE/9042343672f342ed60a6a575e47825c1fa874b6e/spring-cloud-stream-1.2.2.RELEASE.jar:/Users/victoryw/.gradle/caches/modules-2/files-2.1/org.springframework.integration/spring-integration-core/4.3.12.RELEASE/8ed9d0e456a297ce6f58af967e6ee44ffd80ef6/spring-integration-core-4.3.12.RELEASE.jar:/Users/victoryw/.gradle/caches/modules-2/files-2.1/org.bouncycastle/bcpkix-jdk15on/1.55/6392d8cba22b722c6570d660ca0b3921ff1bae4f/bcpkix-jdk15on-1.55.jar:/Users/victoryw/.gradle/caches/modules-2/files-2.1/com.google.code.findbugs/jsr305/3.0.1/f7be08ec23c21485b9b5a1cf1654c2ec8c58168d/jsr305-3.0.1.jar:/Users/victoryw/.gradle/caches/modules-2/files-2.1/io.reactivex/rxnetty-contexts/0.4.9/6efe17a25602a5424c18ab975aa9c28b6d6b7f56/rxnetty-contexts-0.4.9.jar:/Users/victoryw/.gradle/caches/modules-2/files-2.1/io.reactivex/rxnetty-servo/0.4.9/b7d6d6e132686c280f16710eaa3e90719f6808f8/rxnetty-servo-0.4.9.jar:/Users/victoryw/.gradle/caches/modules-2/files-2.1/org.hdrhistogram/HdrHistogram/2.1.9/e4631ce165eb400edecfa32e03d3f1be53dee754/HdrHistogram-2.1.9.jar:/Users/victoryw/.gradle/caches/modules-2/files-2.1/io.netty/netty-codec-http/4.0.27.Final/59b04b31b58942615c0035c61db1167d118ee218/netty-codec-http-4.0.27.Final.jar:/Users/victoryw/.gradle/caches/modules-2/files-2.1/io.netty/netty-transport-native-epoll/4.0.27.Final/3da4eda5697a09c9f8e217bc6a0f265b5b5102c5/netty-transport-native-epoll-4.0.27.Final.jar:/Users/victoryw/.gradle/caches/modules-2/files-2.1/commons-codec/commons-codec/1.10/4b95f4897fa13f2cd904aee711aeafc0c5295cd8/commons-codec-1.10.jar:/Users/victoryw/.gradle/caches/modules-2/files-2.1/com.sun.jersey/jersey-core/1.19.1/4282d106f2acd5051bd9bc2935ed9a2920c9385/jersey-core-1.19.1.jar:/Users/victoryw/.gradle/caches/modules-2/files-2.1/com.netflix.servo/servo-internal/0.10.1/bb6f9cd7b309189bad01b93a806ba9d6cb5d915a/servo-internal-0.10.1.jar:/Users/victoryw/.gradle/caches/modules-2/files-2.1/net.minidev/accessors-smart/1.1/a527213f2fea112a04c9bdf0ec0264e34104cd08/accessors-smart-1.1.jar:/Users/victoryw/.gradle/caches/modules-2/files-2.1/ch.qos.logback/logback-core/1.1.11/88b8df40340eed549fb07e2613879bf6b006704d/logback-core-1.1.11.jar:/Users/victoryw/.gradle/caches/modules-2/files-2.1/org.springframework.boot/spring-boot-starter-actuator/1.5.7.RELEASE/c8058080955524edbbacda602f25d1c5fdf2a3a9/spring-boot-starter-actuator-1.5.7.RELEASE.jar:/Users/victoryw/.gradle/caches/modules-2/files-2.1/org.springframework.boot/spring-boot-starter-validation/1.5.7.RELEASE/a2e87bf66a1db8037e1feeba7e7063996fa72090/spring-boot-starter-validation-1.5.7.RELEASE.jar:/Users/victoryw/.gradle/caches/modules-2/files-2.1/org.springframework/spring-messaging/4.3.11.RELEASE/1e99d0fcc51044594c1ffb484b997dcd864241f6/spring-messaging-4.3.11.RELEASE.jar:/Users/victoryw/.gradle/caches/modules-2/files-2.1/org.springframework.integration/spring-integration-jmx/4.3.12.RELEASE/7c20600b244bcc32b0aa5621ba42c9695c676fec/spring-integration-jmx-4.3.12.RELEASE.jar:/Users/victoryw/.gradle/caches/modules-2/files-2.1/org.springframework/spring-tuple/1.0.0.RELEASE/5feaacebc66a885e9f2017063586df2300ce5c68/spring-tuple-1.0.0.RELEASE.jar:/Users/victoryw/.gradle/caches/modules-2/files-2.1/org.springframework.integration/spring-integration-tuple/1.0.0.RELEASE/4ac09adb2ab6857604784b3e61ef02bcdc974928/spring-integration-tuple-1.0.0.RELEASE.jar:/Users/victoryw/.gradle/caches/modules-2/files-2.1/org.springframework.retry/spring-retry/1.2.1.RELEASE/c43fedb7dfc7e0483679c2f20e09776d98f0813f/spring-retry-1.2.1.RELEASE.jar:/Users/victoryw/.gradle/caches/modules-2/files-2.1/org.bouncycastle/bcprov-jdk15on/1.55/935f2e57a00ec2c489cbd2ad830d4a399708f979/bcprov-jdk15on-1.55.jar:/Users/victoryw/.gradle/caches/modules-2/files-2.1/io.netty/netty-codec/4.0.27.Final/8ed3790b480d4370d22ad1b74a79a54663619b3/netty-codec-4.0.27.Final.jar:/Users/victoryw/.gradle/caches/modules-2/files-2.1/io.netty/netty-handler/4.0.27.Final/91d5c8e25150759bdfce680f318e7b3e8a493b1f/netty-handler-4.0.27.Final.jar:/Users/victoryw/.gradle/caches/modules-2/files-2.1/io.netty/netty-common/4.0.27.Final/f9adee4559928c2e75d58b33e109c17342cb0991/netty-common-4.0.27.Final.jar:/Users/victoryw/.gradle/caches/modules-2/files-2.1/io.netty/netty-buffer/4.0.27.Final/91d5d38fd5cfa7b507e4f82297ba2bf7f30be805/netty-buffer-4.0.27.Final.jar:/Users/victoryw/.gradle/caches/modules-2/files-2.1/io.netty/netty-transport/4.0.27.Final/fc1e00d9d2815f74df6af1cf79da65d6b2d6b102/netty-transport-4.0.27.Final.jar:/Users/victoryw/.gradle/caches/modules-2/files-2.1/javax.ws.rs/jsr311-api/1.1.1/59033da2a1afd56af1ac576750a8d0b1830d59e6/jsr311-api-1.1.1.jar:/Users/victoryw/.gradle/caches/modules-2/files-2.1/org.ow2.asm/asm/5.0.3/dcc2193db20e19e1feca8b1240dbbc4e190824fa/asm-5.0.3.jar:/Users/victoryw/.gradle/caches/modules-2/files-2.1/org.springframework.boot/spring-boot-actuator/1.5.7.RELEASE/ff3124e2359be5e6c0d9cc501bf214413a329fee/spring-boot-actuator-1.5.7.RELEASE.jar:/Users/victoryw/.gradle/caches/modules-2/files-2.1/com.esotericsoftware/kryo-shaded/3.0.3/977d6b42d82de551fcf77dad84ef06c2839e3a74/kryo-shaded-3.0.3.jar:/Users/victoryw/.gradle/caches/modules-2/files-2.1/com.esotericsoftware/minlog/1.3.0/ff07b5f1b01d2f92bb00a337f9a94873712f0827/minlog-1.3.0.jar, user.name=victoryw, java.vm.specification.version=1.8, sun.java.command=worker.org.gradle.process.internal.worker.GradleWorkerMain 'Gradle Test Executor 1', java.home=/Library/Java/JavaVirtualMachines/jdk1.8.0_77.jdk/Contents/Home/jre, sun.arch.data.model=64, user.language=en, java.specification.vendor=Oracle Corporation, awt.toolkit=sun.lwawt.macosx.LWCToolkit, java.vm.info=mixed mode, java.version=1.8.0_77, java.ext.dirs=/Users/victoryw/Library/Java/Extensions:/Library/Java/JavaVirtualMachines/jdk1.8.0_77.jdk/Contents/Home/jre/lib/ext:/Library/Java/Extensions:/Network/Library/Java/Extensions:/System/Library/Java/Extensions:/usr/lib/java, sun.boot.class.path=/Library/Java/JavaVirtualMachines/jdk1.8.0_77.jdk/Contents/Home/jre/lib/resources.jar:/Library/Java/JavaVirtualMachines/jdk1.8.0_77.jdk/Contents/Home/jre/lib/rt.jar:/Library/Java/JavaVirtualMachines/jdk1.8.0_77.jdk/Contents/Home/jre/lib/sunrsasign.jar:/Library/Java/JavaVirtualMachines/jdk1.8.0_77.jdk/Contents/Home/jre/lib/jsse.jar:/Library/Java/JavaVirtualMachines/jdk1.8.0_77.jdk/Contents/Home/jre/lib/jce.jar:/Library/Java/JavaVirtualMachines/jdk1.8.0_77.jdk/Contents/Home/jre/lib/charsets.jar:/Library/Java/JavaVirtualMachines/jdk1.8.0_77.jdk/Contents/Home/jre/lib/jfr.jar:/Library/Java/JavaVirtualMachines/jdk1.8.0_77.jdk/Contents/Home/jre/classes, java.vendor=Oracle Corporation, org.gradle.test.worker=1, file.separator=/, java.vendor.url.bug=http://bugreport.sun.com/bugreport/, sun.io.unicode.encoding=UnicodeBig, sun.cpu.endian=little, sun.cpu.isalist=}}, SystemEnvironmentPropertySource@1390114889 {name='systemEnvironment', properties={PYENV_SHELL=zsh, PATH=/usr/local/var/rbenv/shims:/Users/victoryw/.pyenv/shims:/Library/Frameworks/Python.framework/Versions/3.6/bin:/usr/local/bin:/usr/bin:/bin:/usr/sbin:/sbin:/usr/local/share/dotnet:/opt/X11/bin:/Users/victoryw/.nvm/versions/node/v8.4.0/bin:/Users/victoryw/.fastlane/bin:/usr/local/opt/php56/bin:/Users/victoryw/.pyenv/bin:/usr/local/sbin:/Users/victoryw/.node/bin:/Users/victoryw/bin:/Users/victoryw/.rvm/bin:/usr/local/opt/go/libexec/bin:/opt/confd/bin:/usr/local/Cellar/node/7.3.0/bin, JAVA_MAIN_CLASS_8297=worker.org.gradle.process.internal.worker.GradleWorkerMain, APP_NAME_8278=Gradle, RBENV_SHELL=zsh, ZOOCFGDIR=/usr/local/etc/zookeeper/, AUTOJUMP_SOURCED=1, COLORTERM=truecolor, LOGNAME=victoryw, PWD=/Users/victoryw/myfiles/worksspace/DDD-Sample/DDD-MicroService-Kata/petstore-inventory, TERM_PROGRAM_VERSION=3.1.5.beta.2, NVM_CD_FLAGS=-q, SHELL=/bin/zsh, PAGER=less, PYENV_ROOT=/Users/victoryw/.pyenv, SECURITYSESSIONID=186a7, GOPATH=/Users/victoryw/myfiles/worksspace/gowork, OLDPWD=/usr/local/Cellar/gradle/3.5/libexec, ZSH=/Users/victoryw/.oh-my-zsh, ITERM_PROFILE=Default, TMPDIR=/var/folders/2l/nfd5flwn5bv8tkm2w12r8qj00000gn/T/, XPC_FLAGS=0x0, TERM_SESSION_ID=w0t1p0:ECAB6F56-C29F-4236-9E60-530B216EAADC, __CF_USER_TEXT_ENCODING=0x1F5:0x0:0x0, Apple_PubSub_Socket_Render=/private/tmp/com.apple.launchd.VSa6ueNw25/Render, LESS=-R, LC_CTYPE=en_US.UTF-8, COLORFGBG=15;0, SHLVL=1, AUTOJUMP_ERROR_PATH=/Users/victoryw/Library/autojump/errors.log, JAVA_ARCH=x86_64, JAVA_MAIN_CLASS_8278=org.gradle.launcher.GradleMain, TERM=xterm-256color, APP_ICON_8278=/usr/local/Cellar/gradle/3.5/libexec/media/gradle.icns, LANG=en_US.UTF-8, COMMAND_MODE=unix2003, DISPLAY=/private/tmp/com.apple.launchd.cnzA1sbxEQ/org.macosforge.xquartz:0, ITERM_SESSION_ID=w0t1p0:ECAB6F56-C29F-4236-9E60-530B216EAADC, ZOOCFG=zoo.cfg, XPC_SERVICE_NAME=0, HOMEBREW_GITHUB_API_TOKEN=c959538ed12808077aff924a56e61bb516f4e92b, NVM_DIR=/Users/victoryw/.nvm, TERM_PROGRAM=iTerm.app, LSCOLORS=Gxfxcxdxbxegedabagacad, RBENV_ROOT=/usr/local/var/rbenv, USER=victoryw, SSH_AUTH_SOCK=/private/tmp/com.apple.launchd.0hcoRTJzvj/Listeners, com.apple.java.jvmTask=CommandLine, NVM_BIN=/Users/victoryw/.nvm/versions/node/v8.4.0/bin, HOME=/Users/victoryw}}]
16:36:20.166 [Test worker] DEBUG org.springframework.core.io.support.PathMatchingResourcePatternResolver - Resolved classpath location [com/ThoughtWorks/DDD/Inventory/] to resources [URL [file:/Users/victoryw/myfiles/worksspace/DDD-Sample/DDD-MicroService-Kata/petstore-inventory/build/classes/test/com/ThoughtWorks/DDD/Inventory/], URL [file:/Users/victoryw/myfiles/worksspace/DDD-Sample/DDD-MicroService-Kata/petstore-inventory/build/classes/main/com/ThoughtWorks/DDD/Inventory/]]
16:36:20.169 [Test worker] DEBUG org.springframework.core.io.support.PathMatchingResourcePatternResolver - Looking for matching resources in directory tree [/Users/victoryw/myfiles/worksspace/DDD-Sample/DDD-MicroService-Kata/petstore-inventory/build/classes/test/com/ThoughtWorks/DDD/Inventory]
16:36:20.171 [Test worker] DEBUG org.springframework.core.io.support.PathMatchingResourcePatternResolver - Searching directory [/Users/victoryw/myfiles/worksspace/DDD-Sample/DDD-MicroService-Kata/petstore-inventory/build/classes/test/com/ThoughtWorks/DDD/Inventory] for files matching pattern [/Users/victoryw/myfiles/worksspace/DDD-Sample/DDD-MicroService-Kata/petstore-inventory/build/classes/test/com/ThoughtWorks/DDD/Inventory/*.class]
16:36:20.175 [Test worker] DEBUG org.springframework.core.io.support.PathMatchingResourcePatternResolver - Looking for matching resources in directory tree [/Users/victoryw/myfiles/worksspace/DDD-Sample/DDD-MicroService-Kata/petstore-inventory/build/classes/main/com/ThoughtWorks/DDD/Inventory]
16:36:20.175 [Test worker] DEBUG org.springframework.core.io.support.PathMatchingResourcePatternResolver - Searching directory [/Users/victoryw/myfiles/worksspace/DDD-Sample/DDD-MicroService-Kata/petstore-inventory/build/classes/main/com/ThoughtWorks/DDD/Inventory] for files matching pattern [/Users/victoryw/myfiles/worksspace/DDD-Sample/DDD-MicroService-Kata/petstore-inventory/build/classes/main/com/ThoughtWorks/DDD/Inventory/*.class]
16:36:20.176 [Test worker] DEBUG org.springframework.core.io.support.PathMatchingResourcePatternResolver - Resolved location pattern [classpath*:com/ThoughtWorks/DDD/Inventory/*.class] to resources [file [/Users/victoryw/myfiles/worksspace/DDD-Sample/DDD-MicroService-Kata/petstore-inventory/build/classes/test/com/ThoughtWorks/DDD/Inventory/APIBaseTest.class], file [/Users/victoryw/myfiles/worksspace/DDD-Sample/DDD-MicroService-Kata/petstore-inventory/build/classes/test/com/ThoughtWorks/DDD/Inventory/InventoryApplicationTests.class], file [/Users/victoryw/myfiles/worksspace/DDD-Sample/DDD-MicroService-Kata/petstore-inventory/build/classes/main/com/ThoughtWorks/DDD/Inventory/InventoryApplication.class]]
16:36:20.242 [Test worker] DEBUG org.springframework.context.annotation.ClassPathScanningCandidateComponentProvider - Identified candidate component class: file [/Users/victoryw/myfiles/worksspace/DDD-Sample/DDD-MicroService-Kata/petstore-inventory/build/classes/main/com/ThoughtWorks/DDD/Inventory/InventoryApplication.class]
16:36:20.244 [Test worker] INFO org.springframework.boot.test.context.SpringBootTestContextBootstrapper - Found @SpringBootConfiguration com.ThoughtWorks.DDD.Inventory.InventoryApplication for test class com.ThoughtWorks.DDD.Inventory.InventoryApplicationTests
16:36:20.248 [Test worker] DEBUG org.springframework.boot.test.context.SpringBootTestContextBootstrapper - @TestExecutionListeners is not present for class [com.ThoughtWorks.DDD.Inventory.InventoryApplicationTests]: using defaults.
16:36:20.253 [Test worker] INFO org.springframework.boot.test.context.SpringBootTestContextBootstrapper - Loaded default TestExecutionListener class names from location [META-INF/spring.factories]: [org.springframework.boot.test.mock.mockito.MockitoTestExecutionListener, org.springframework.boot.test.mock.mockito.ResetMocksTestExecutionListener, org.springframework.boot.test.autoconfigure.restdocs.RestDocsTestExecutionListener, org.springframework.boot.test.autoconfigure.web.client.MockRestServiceServerResetTestExecutionListener, org.springframework.boot.test.autoconfigure.web.servlet.MockMvcPrintOnlyOnFailureTestExecutionListener, org.springframework.boot.test.autoconfigure.web.servlet.WebDriverTestExecutionListener, org.springframework.test.context.web.ServletTestExecutionListener, org.springframework.test.context.support.DirtiesContextBeforeModesTestExecutionListener, org.springframework.test.context.support.DependencyInjectionTestExecutionListener, org.springframework.test.context.support.DirtiesContextTestExecutionListener, org.springframework.test.context.transaction.TransactionalTestExecutionListener, org.springframework.test.context.jdbc.SqlScriptsTestExecutionListener]
16:36:20.298 [Test worker] INFO org.springframework.boot.test.context.SpringBootTestContextBootstrapper - Using TestExecutionListeners: [org.springframework.test.context.web.ServletTestExecutionListener@ade7cd1, org.springframework.test.context.support.DirtiesContextBeforeModesTestExecutionListener@100a8bd7, org.springframework.boot.test.autoconfigure.SpringBootDependencyInjectionTestExecutionListener@2285b004, org.springframework.test.context.support.DirtiesContextTestExecutionListener@8ffcb26, org.springframework.test.context.transaction.TransactionalTestExecutionListener@71be061c, org.springframework.test.context.jdbc.SqlScriptsTestExecutionListener@352e6fcf, org.springframework.boot.test.autoconfigure.restdocs.RestDocsTestExecutionListener@3a24ecfe, org.springframework.boot.test.autoconfigure.web.servlet.MockMvcPrintOnlyOnFailureTestExecutionListener@4c74a667, org.springframework.boot.test.mock.mockito.ResetMocksTestExecutionListener@4d7bc713, org.springframework.boot.test.autoconfigure.web.client.MockRestServiceServerResetTestExecutionListener@bed9964, org.springframework.boot.test.autoconfigure.web.servlet.WebDriverTestExecutionListener@1633c7fb, org.springframework.boot.test.mock.mockito.MockitoTestExecutionListener@7f9d0cc4]
16:36:20.301 [Test worker] DEBUG org.springframework.test.annotation.ProfileValueUtils - Retrieved @ProfileValueSourceConfiguration [null] for test class [com.ThoughtWorks.DDD.Inventory.InventoryApplicationTests]
16:36:20.301 [Test worker] DEBUG org.springframework.test.annotation.ProfileValueUtils - Retrieved ProfileValueSource type [class org.springframework.test.annotation.SystemProfileValueSource] for class [com.ThoughtWorks.DDD.Inventory.InventoryApplicationTests]
16:36:20.302 [Test worker] DEBUG org.springframework.test.annotation.ProfileValueUtils - Retrieved @ProfileValueSourceConfiguration [null] for test class [com.ThoughtWorks.DDD.Inventory.InventoryApplicationTests]
16:36:20.302 [Test worker] DEBUG org.springframework.test.annotation.ProfileValueUtils - Retrieved ProfileValueSource type [class org.springframework.test.annotation.SystemProfileValueSource] for class [com.ThoughtWorks.DDD.Inventory.InventoryApplicationTests]
16:36:20.306 [Test worker] DEBUG org.springframework.test.context.support.AbstractDirtiesContextTestExecutionListener - Before test class: context [DefaultTestContext@3b2dff73 testClass = InventoryApplicationTests, testInstance = [null], testMethod = [null], testException = [null], mergedContextConfiguration = [WebMergedContextConfiguration@31e9281 testClass = InventoryApplicationTests, locations = '{}', classes = '{class com.ThoughtWorks.DDD.Inventory.InventoryApplication}', contextInitializerClasses = '[]', activeProfiles = '{test}', propertySourceLocations = '{}', propertySourceProperties = '{org.springframework.boot.test.context.SpringBootTestContextBootstrapper=true}', contextCustomizers = set[org.springframework.boot.test.context.SpringBootTestContextCustomizer@70d35195, org.springframework.boot.test.context.filter.ExcludeFilterContextCustomizer@aa28282, org.springframework.boot.test.json.DuplicateJsonObjectContextCustomizerFactory$DuplicateJsonObjectContextCustomizer@7d472374, org.springframework.boot.test.mock.mockito.MockitoContextCustomizer@0, org.springframework.boot.test.autoconfigure.properties.PropertyMappingContextCustomizer@0, org.springframework.boot.test.autoconfigure.web.servlet.WebDriverContextCustomizerFactory$Customizer@2b88fcf], resourceBasePath = 'src/main/webapp', contextLoader = 'org.springframework.boot.test.context.SpringBootContextLoader', parent = [null]]], class annotated with @DirtiesContext [false] with mode [null].
16:36:20.307 [Test worker] DEBUG org.springframework.test.annotation.ProfileValueUtils - Retrieved @ProfileValueSourceConfiguration [null] for test class [com.ThoughtWorks.DDD.Inventory.InventoryApplicationTests]
16:36:20.307 [Test worker] DEBUG org.springframework.test.annotation.ProfileValueUtils - Retrieved ProfileValueSource type [class org.springframework.test.annotation.SystemProfileValueSource] for class [com.ThoughtWorks.DDD.Inventory.InventoryApplicationTests]
16:36:20.373 [Test worker] DEBUG org.springframework.core.env.StandardEnvironment - Adding PropertySource 'systemProperties' with lowest search precedence
16:36:20.373 [Test worker] DEBUG org.springframework.core.env.StandardEnvironment - Adding PropertySource 'systemEnvironment' with lowest search precedence
16:36:20.374 [Test worker] DEBUG org.springframework.core.env.StandardEnvironment - Initialized StandardEnvironment with PropertySources [MapPropertySource@2017214039 {name='systemProperties', properties={java.runtime.name=Java(TM) SE Runtime Environment, sun.boot.library.path=/Library/Java/JavaVirtualMachines/jdk1.8.0_77.jdk/Contents/Home/jre/lib, java.vm.version=25.77-b03, gopherProxySet=false, java.vm.vendor=Oracle Corporation, java.vendor.url=http://java.oracle.com/, path.separator=:, java.vm.name=Java HotSpot(TM) 64-Bit Server VM, file.encoding.pkg=sun.io, sun.java.launcher=SUN_STANDARD, user.country=US, sun.os.patch.level=unknown, java.vm.specification.name=Java Virtual Machine Specification, user.dir=/Users/victoryw/myfiles/worksspace/DDD-Sample/DDD-MicroService-Kata/petstore-inventory, java.runtime.version=1.8.0_77-b03, java.awt.graphicsenv=sun.awt.CGraphicsEnvironment, java.endorsed.dirs=/Library/Java/JavaVirtualMachines/jdk1.8.0_77.jdk/Contents/Home/jre/lib/endorsed, os.arch=x86_64, java.io.tmpdir=/var/folders/2l/nfd5flwn5bv8tkm2w12r8qj00000gn/T/, line.separator=
, java.vm.specification.vendor=Oracle Corporation, user.variant=, os.name=Mac OS X, sun.jnu.encoding=UTF-8, java.library.path=/Users/victoryw/Library/Java/Extensions:/Library/Java/Extensions:/Network/Library/Java/Extensions:/System/Library/Java/Extensions:/usr/lib/java:., java.specification.name=Java Platform API Specification, java.class.version=52.0, sun.management.compiler=HotSpot 64-Bit Tiered Compilers, os.version=10.13.1, user.home=/Users/victoryw, user.timezone=Asia/Shanghai, java.awt.printerjob=sun.lwawt.macosx.CPrinterJob, file.encoding=UTF-8, java.specification.version=1.8, java.class.path=/Users/victoryw/myfiles/worksspace/DDD-Sample/DDD-MicroService-Kata/petstore-inventory/build/classes/test:/Users/victoryw/myfiles/worksspace/DDD-Sample/DDD-MicroService-Kata/petstore-inventory/build/resources/test:/Users/victoryw/myfiles/worksspace/DDD-Sample/DDD-MicroService-Kata/petstore-inventory/build/classes/main:/Users/victoryw/myfiles/worksspace/DDD-Sample/DDD-MicroService-Kata/petstore-inventory/build/resources/main:/Users/victoryw/.gradle/caches/modules-2/files-2.1/org.springframework.boot/spring-boot-starter-web/1.5.7.RELEASE/a862305be8b7512a41f6768d825ed37251ccbbe0/spring-boot-starter-web-1.5.7.RELEASE.jar:/Users/victoryw/.gradle/caches/modules-2/files-2.1/org.springframework.boot/spring-boot-starter-data-jpa/1.5.7.RELEASE/ccdf14487724b7c1343e5d2605f7170c026e405/spring-boot-starter-data-jpa-1.5.7.RELEASE.jar:/Users/victoryw/.gradle/caches/modules-2/files-2.1/org.springframework.cloud/spring-cloud-starter-consul-all/1.2.1.RELEASE/50a5bbd0e64f7c6762fa913d736b50dec3d3d03/spring-cloud-starter-consul-all-1.2.1.RELEASE.jar:/Users/victoryw/.gradle/caches/modules-2/files-2.1/org.springframework.cloud/spring-cloud-starter-ribbon/1.3.5.RELEASE/42b1fbe8f07b3f7c464b0b7a667e3177e22f4da4/spring-cloud-starter-ribbon-1.3.5.RELEASE.jar:/Users/victoryw/.gradle/caches/modules-2/files-2.1/org.springframework.cloud/spring-cloud-starter-feign/1.3.5.RELEASE/f09ffc581a85fe020edef940a36b0a9127fdd8b9/spring-cloud-starter-feign-1.3.5.RELEASE.jar:/Users/victoryw/.gradle/caches/modules-2/files-2.1/io.springfox/springfox-swagger2/2.6.1/73c3a70ec0b10b61c8eb9ef1659131cd78dbbd82/springfox-swagger2-2.6.1.jar:/Users/victoryw/.gradle/caches/modules-2/files-2.1/io.springfox/springfox-swagger-ui/2.6.1/4c854c86c91ab36c86fc1a63571a0614c2ea9ab2/springfox-swagger-ui-2.6.1.jar:/Users/victoryw/.gradle/caches/modules-2/files-2.1/org.flywaydb/flyway-core/4.1.1/79ac555820c88ea5b4aabdcd8f545ca90dc1c916/flyway-core-4.1.1.jar:/Users/victoryw/.gradle/caches/modules-2/files-2.1/mysql/mysql-connector-java/5.1.44/61b6b998192c85bb581c6be90e03dcd4b9079db4/mysql-connector-java-5.1.44.jar:/Users/victoryw/.gradle/caches/modules-2/files-2.1/org.springframework.boot/spring-boot-starter-test/1.5.7.RELEASE/d23f37a72c2d4e46aba66bc69a649213f9cadeee/spring-boot-starter-test-1.5.7.RELEASE.jar:/Users/victoryw/.gradle/caches/modules-2/files-2.1/com.h2database/h2/1.4.196/dd0034398d593aa3588c6773faac429bbd9aea0e/h2-1.4.196.jar:/Users/victoryw/.gradle/caches/modules-2/files-2.1/com.github.tomakehurst/wiremock-standalone/2.12.0/25f45d45091627a3bae5510495c99a561b2633c4/wiremock-standalone-2.12.0.jar:/Users/victoryw/.gradle/caches/modules-2/files-2.1/org.springframework.boot/spring-boot-starter/1.5.7.RELEASE/b42fe6962dd8b3be4ac8c1d7134d0ca2d0a35c7e/spring-boot-starter-1.5.7.RELEASE.jar:/Users/victoryw/.gradle/caches/modules-2/files-2.1/org.springframework.boot/spring-boot-starter-tomcat/1.5.7.RELEASE/eae533e2a0111a51d812912acb3d3e2368736d1b/spring-boot-starter-tomcat-1.5.7.RELEASE.jar:/Users/victoryw/.gradle/caches/modules-2/files-2.1/org.hibernate/hibernate-validator/5.3.5.Final/622a9bcef2eed6d41b5b8e0662c36212009e375/hibernate-validator-5.3.5.Final.jar:/Users/victoryw/.gradle/caches/modules-2/files-2.1/com.fasterxml.jackson.core/jackson-databind/2.8.10/f7b83cb2bc4b88d53961e749e1ad32f49ef017b7/jackson-databind-2.8.10.jar:/Users/victoryw/.gradle/caches/modules-2/files-2.1/org.springframework/spring-web/4.3.11.RELEASE/50a3dfce550bdf9459dfb2c6282aa104b040258e/spring-web-4.3.11.RELEASE.jar:/Users/victoryw/.gradle/caches/modules-2/files-2.1/org.springframework/spring-webmvc/4.3.11.RELEASE/814f91ec4dc324e724bbe7cbc5045b234604c539/spring-webmvc-4.3.11.RELEASE.jar:/Users/victoryw/.gradle/caches/modules-2/files-2.1/org.springframework.boot/spring-boot-starter-aop/1.5.7.RELEASE/189098a72ccc0cca07ea42d6715c10524b5a93d1/spring-boot-starter-aop-1.5.7.RELEASE.jar:/Users/victoryw/.gradle/caches/modules-2/files-2.1/org.springframework.boot/spring-boot-starter-jdbc/1.5.7.RELEASE/98c652a5461ccbec70b55fd0f7815d9c9a37a082/spring-boot-starter-jdbc-1.5.7.RELEASE.jar:/Users/victoryw/.gradle/caches/modules-2/files-2.1/org.hibernate/hibernate-core/5.0.12.Final/e58bf1c660e6706d8e2cbb53bae110f574366102/hibernate-core-5.0.12.Final.jar:/Users/victoryw/.gradle/caches/modules-2/files-2.1/org.hibernate/hibernate-entitymanager/5.0.12.Final/302a526f5058290e9cbd719a5caf9f248d344719/hibernate-entitymanager-5.0.12.Final.jar:/Users/victoryw/.gradle/caches/modules-2/files-2.1/javax.transaction/javax.transaction-api/1.2/d81aff979d603edd90dcd8db2abc1f4ce6479e3e/javax.transaction-api-1.2.jar:/Users/victoryw/.gradle/caches/modules-2/files-2.1/org.springframework.data/spring-data-jpa/1.11.7.RELEASE/587051cc7d7a3ddfac6098d623a658abb2f15865/spring-data-jpa-1.11.7.RELEASE.jar:/Users/victoryw/.gradle/caches/modules-2/files-2.1/org.springframework/spring-aspects/4.3.11.RELEASE/38ab744d37aef58762a03dbe7ab1479070ebadc6/spring-aspects-4.3.11.RELEASE.jar:/Users/victoryw/.gradle/caches/modules-2/files-2.1/org.springframework.cloud/spring-cloud-starter-consul-bus/1.2.1.RELEASE/3d8fb4f88e176464d216759021eb1cac90241911/spring-cloud-starter-consul-bus-1.2.1.RELEASE.jar:/Users/victoryw/.gradle/caches/modules-2/files-2.1/org.springframework.cloud/spring-cloud-starter-consul-config/1.2.1.RELEASE/93f3a8fb3d874bccac19324ebcedfabcce28b3/spring-cloud-starter-consul-config-1.2.1.RELEASE.jar:/Users/victoryw/.gradle/caches/modules-2/files-2.1/org.springframework.cloud/spring-cloud-starter-consul-discovery/1.2.1.RELEASE/7541c096741178f231b790e3fcf89495d5fd6f21/spring-cloud-starter-consul-discovery-1.2.1.RELEASE.jar:/Users/victoryw/.gradle/caches/modules-2/files-2.1/org.springframework.cloud/spring-cloud-starter/1.2.4.RELEASE/8dedf04851bf6bc85bf3b09813ccf7775568b22b/spring-cloud-starter-1.2.4.RELEASE.jar:/Users/victoryw/.gradle/caches/modules-2/files-2.1/org.springframework.cloud/spring-cloud-netflix-core/1.3.5.RELEASE/2f573a8b99146dd733b34480b5e11b3c34944e70/spring-cloud-netflix-core-1.3.5.RELEASE.jar:/Users/victoryw/.gradle/caches/modules-2/files-2.1/org.springframework.cloud/spring-cloud-starter-archaius/1.3.5.RELEASE/944357583c3c38b5b316c18919e844fe2ff66a17/spring-cloud-starter-archaius-1.3.5.RELEASE.jar:/Users/victoryw/.gradle/caches/modules-2/files-2.1/com.netflix.ribbon/ribbon/2.2.2/8375769b9a922dc5339eba8536fcd3b204604ec4/ribbon-2.2.2.jar:/Users/victoryw/.gradle/caches/modules-2/files-2.1/com.netflix.ribbon/ribbon-core/2.2.2/e4e35763c347c6a3936735d687f1bd25c188634/ribbon-core-2.2.2.jar:/Users/victoryw/.gradle/caches/modules-2/files-2.1/com.netflix.ribbon/ribbon-httpclient/2.2.2/88c3f39aa09591964923d60f92c13d3a91125d81/ribbon-httpclient-2.2.2.jar:/Users/victoryw/.gradle/caches/modules-2/files-2.1/com.netflix.ribbon/ribbon-loadbalancer/2.2.2/dad3e307fb759c3be36d93a1a7a2a031569d8de8/ribbon-loadbalancer-2.2.2.jar:/Users/victoryw/.gradle/caches/modules-2/files-2.1/io.reactivex/rxjava/1.1.10/2ac360e8a47601a8dfd044e646f05b99d151f2e0/rxjava-1.1.10.jar:/Users/victoryw/.gradle/caches/modules-2/files-2.1/org.springframework.cloud/spring-cloud-commons/1.2.4.RELEASE/d3b5ca7d53415c7a28d539c211577e9983e6d6cb/spring-cloud-commons-1.2.4.RELEASE.jar:/Users/victoryw/.gradle/caches/modules-2/files-2.1/io.github.openfeign/feign-core/9.5.0/7b89da81b21d8cdd4f5b4c79b730dbc11427bb14/feign-core-9.5.0.jar:/Users/victoryw/.gradle/caches/modules-2/files-2.1/io.github.openfeign/feign-slf4j/9.5.0/bd87fd711ac41e952c63e25a1d68df5b4cc1e0a3/feign-slf4j-9.5.0.jar:/Users/victoryw/.gradle/caches/modules-2/files-2.1/io.github.openfeign/feign-hystrix/9.5.0/1a715fb47635793c5302fcdd3f880ed6ec2816fd/feign-hystrix-9.5.0.jar:/Users/victoryw/.gradle/caches/modules-2/files-2.1/io.swagger/swagger-annotations/1.5.10/246ec68bce560227d3633d5ab5979437544bd6dc/swagger-annotations-1.5.10.jar:/Users/victoryw/.gradle/caches/modules-2/files-2.1/io.swagger/swagger-models/1.5.10/da29e4f4f7cff80b1ef134b0f3805013be443e58/swagger-models-1.5.10.jar:/Users/victoryw/.gradle/caches/modules-2/files-2.1/io.springfox/springfox-spi/2.6.1/972ae720c6a9a5f31be2744972b435cc39166174/springfox-spi-2.6.1.jar:/Users/victoryw/.gradle/caches/modules-2/files-2.1/io.springfox/springfox-schema/2.6.1/b4d837ed7dc726a59504d2e6587e162e071a8965/springfox-schema-2.6.1.jar:/Users/victoryw/.gradle/caches/modules-2/files-2.1/io.springfox/springfox-swagger-common/2.6.1/47befb039a0a1f0cdaab74d2777fa9eb6b01f8db/springfox-swagger-common-2.6.1.jar:/Users/victoryw/.gradle/caches/modules-2/files-2.1/io.springfox/springfox-spring-web/2.6.1/6478ed7e49755b652aac907d42a735349056a6a/springfox-spring-web-2.6.1.jar:/Users/victoryw/.gradle/caches/modules-2/files-2.1/com.google.guava/guava/18.0/cce0823396aa693798f8882e64213b1772032b09/guava-18.0.jar:/Users/victoryw/.gradle/caches/modules-2/files-2.1/com.fasterxml/classmate/1.3.4/3d5f48f10bbe4eb7bd862f10c0583be2e0053c6/classmate-1.3.4.jar:/Users/victoryw/.gradle/caches/modules-2/files-2.1/org.slf4j/slf4j-api/1.7.25/da76ca59f6a57ee3102f8f9bd9cee742973efa8a/slf4j-api-1.7.25.jar:/Users/victoryw/.gradle/caches/modules-2/files-2.1/org.springframework.plugin/spring-plugin-core/1.2.0.RELEASE/f380e7760032e7d929184f8ad8a33716b75c0657/spring-plugin-core-1.2.0.RELEASE.jar:/Users/victoryw/.gradle/caches/modules-2/files-2.1/org.springframework.plugin/spring-plugin-metadata/1.2.0.RELEASE/97223fc496b6cab31602eedbd4202aa4fff0d44f/spring-plugin-metadata-1.2.0.RELEASE.jar:/Users/victoryw/.gradle/caches/modules-2/files-2.1/org.mapstruct/mapstruct/1.0.0.Final/794bb2c7d3dd69211deb22857d92fb4c5361be3f/mapstruct-1.0.0.Final.jar:/Users/victoryw/.gradle/caches/modules-2/files-2.1/org.springframework.boot/spring-boot-test/1.5.7.RELEASE/b8d77445d48f4320f404d8f13f4e5cb95bc36b30/spring-boot-test-1.5.7.RELEASE.jar:/Users/victoryw/.gradle/caches/modules-2/files-2.1/org.springframework.boot/spring-boot-test-autoconfigure/1.5.7.RELEASE/8bead16b97c9f1b5fe7c47f3e030dd9351a6974d/spring-boot-test-autoconfigure-1.5.7.RELEASE.jar:/Users/victoryw/.gradle/caches/modules-2/files-2.1/com.jayway.jsonpath/json-path/2.2.0/22290d17944bd239fabf5ac69005a60a7ecbbbcb/json-path-2.2.0.jar:/Users/victoryw/.gradle/caches/modules-2/files-2.1/junit/junit/4.12/2973d150c0dc1fefe998f834810d68f278ea58ec/junit-4.12.jar:/Users/victoryw/.gradle/caches/modules-2/files-2.1/org.assertj/assertj-core/2.6.0/b532c3fc4f66bcfee4989a3514f1cd56203a33ad/assertj-core-2.6.0.jar:/Users/victoryw/.gradle/caches/modules-2/files-2.1/org.mockito/mockito-core/1.10.19/e8546f5bef4e061d8dd73895b4e8f40e3fe6effe/mockito-core-1.10.19.jar:/Users/victoryw/.gradle/caches/modules-2/files-2.1/org.hamcrest/hamcrest-core/1.3/42a25dc3219429f0e5d060061f71acb49bf010a0/hamcrest-core-1.3.jar:/Users/victoryw/.gradle/caches/modules-2/files-2.1/org.hamcrest/hamcrest-library/1.3/4785a3c21320980282f9f33d0d1264a69040538f/hamcrest-library-1.3.jar:/Users/victoryw/.gradle/caches/modules-2/files-2.1/org.skyscreamer/jsonassert/1.4.0/9cdbb373a06f6513e51e8c545ee6a5e981463edb/jsonassert-1.4.0.jar:/Users/victoryw/.gradle/caches/modules-2/files-2.1/org.springframework/spring-core/4.3.11.RELEASE/eb30ed093f628279d3aead068fd478fa343f1dad/spring-core-4.3.11.RELEASE.jar:/Users/victoryw/.gradle/caches/modules-2/files-2.1/org.springframework/spring-test/4.3.11.RELEASE/cf765b5d6d6bdc38c67522ecae3fe9549da43e1/spring-test-4.3.11.RELEASE.jar:/Users/victoryw/.gradle/caches/modules-2/files-2.1/org.springframework.boot/spring-boot/1.5.7.RELEASE/1006870df7b3dc203df7ce84463c5dd7049fdaa4/spring-boot-1.5.7.RELEASE.jar:/Users/victoryw/.gradle/caches/modules-2/files-2.1/org.springframework.boot/spring-boot-autoconfigure/1.5.7.RELEASE/e83f1407ff991e9e7eb156f49fa19d868bb73289/spring-boot-autoconfigure-1.5.7.RELEASE.jar:/Users/victoryw/.gradle/caches/modules-2/files-2.1/org.springframework.boot/spring-boot-starter-logging/1.5.7.RELEASE/c84c4ea09d7f789a0d5e936a961471e5dbd9295e/spring-boot-starter-logging-1.5.7.RELEASE.jar:/Users/victoryw/.gradle/caches/modules-2/files-2.1/org.yaml/snakeyaml/1.17/7a27ea250c5130b2922b86dea63cbb1cc10a660c/snakeyaml-1.17.jar:/Users/victoryw/.gradle/caches/modules-2/files-2.1/org.apache.tomcat.embed/tomcat-embed-core/8.5.20/b9026ee20f1f6a2b0fc3e51dd806d800901448b0/tomcat-embed-core-8.5.20.jar:/Users/victoryw/.gradle/caches/modules-2/files-2.1/org.apache.tomcat.embed/tomcat-embed-el/8.5.20/42960f481a8a80f4ffd3b865c2232820e3565bf1/tomcat-embed-el-8.5.20.jar:/Users/victoryw/.gradle/caches/modules-2/files-2.1/org.apache.tomcat.embed/tomcat-embed-websocket/8.5.20/4df9055507926a2651f691cc9964c50493a0ab29/tomcat-embed-websocket-8.5.20.jar:/Users/victoryw/.gradle/caches/modules-2/files-2.1/javax.validation/validation-api/1.1.0.Final/8613ae82954779d518631e05daa73a6a954817d5/validation-api-1.1.0.Final.jar:/Users/victoryw/.gradle/caches/modules-2/files-2.1/org.jboss.logging/jboss-logging/3.3.1.Final/c46217ab74b532568c0ed31dc599db3048bd1b67/jboss-logging-3.3.1.Final.jar:/Users/victoryw/.gradle/caches/modules-2/files-2.1/com.fasterxml.jackson.core/jackson-annotations/2.8.0/45b426f7796b741035581a176744d91090e2e6fb/jackson-annotations-2.8.0.jar:/Users/victoryw/.gradle/caches/modules-2/files-2.1/com.fasterxml.jackson.core/jackson-core/2.8.10/eb21a035c66ad307e66ec8fce37f5d50fd62d039/jackson-core-2.8.10.jar:/Users/victoryw/.gradle/caches/modules-2/files-2.1/org.springframework/spring-aop/4.3.11.RELEASE/461d0bb58f1de30203d9331adf4b51de9554de5a/spring-aop-4.3.11.RELEASE.jar:/Users/victoryw/.gradle/caches/modules-2/files-2.1/org.springframework/spring-beans/4.3.11.RELEASE/591cc35fd39292adae13f01aa13e978d0bb11936/spring-beans-4.3.11.RELEASE.jar:/Users/victoryw/.gradle/caches/modules-2/files-2.1/org.springframework/spring-context/4.3.11.RELEASE/3efec2d7c7469d49108a2b21c3f15831f7297569/spring-context-4.3.11.RELEASE.jar:/Users/victoryw/.gradle/caches/modules-2/files-2.1/org.springframework/spring-expression/4.3.11.RELEASE/fca662a2fccdad90ec22b2aaecb021047dcbe249/spring-expression-4.3.11.RELEASE.jar:/Users/victoryw/.gradle/caches/modules-2/files-2.1/org.aspectj/aspectjweaver/1.8.10/e198c5fee28988c355f74e06461614eae36b2032/aspectjweaver-1.8.10.jar:/Users/victoryw/.gradle/caches/modules-2/files-2.1/org.apache.tomcat/tomcat-jdbc/8.5.20/10d0d288d837ddfc92096920e4571054a3934160/tomcat-jdbc-8.5.20.jar:/Users/victoryw/.gradle/caches/modules-2/files-2.1/org.springframework/spring-jdbc/4.3.11.RELEASE/642ed7497d327f299caccb930af6b65e229864c4/spring-jdbc-4.3.11.RELEASE.jar:/Users/victoryw/.gradle/caches/modules-2/files-2.1/org.hibernate.javax.persistence/hibernate-jpa-2.1-api/1.0.0.Final/5e731d961297e5a07290bfaf3db1fbc8bbbf405a/hibernate-jpa-2.1-api-1.0.0.Final.jar:/Users/victoryw/.gradle/caches/modules-2/files-2.1/org.javassist/javassist/3.21.0-GA/598244f595db5c5fb713731eddbb1c91a58d959b/javassist-3.21.0-GA.jar:/Users/victoryw/.gradle/caches/modules-2/files-2.1/antlr/antlr/2.7.7/83cd2cd674a217ade95a4bb83a8a14f351f48bd0/antlr-2.7.7.jar:/Users/victoryw/.gradle/caches/modules-2/files-2.1/org.jboss/jandex/2.0.0.Final/3e899258936f94649c777193e1be846387ed54b3/jandex-2.0.0.Final.jar:/Users/victoryw/.gradle/caches/modules-2/files-2.1/dom4j/dom4j/1.6.1/5d3ccc056b6f056dbf0dddfdf43894b9065a8f94/dom4j-1.6.1.jar:/Users/victoryw/.gradle/caches/modules-2/files-2.1/org.hibernate.common/hibernate-commons-annotations/5.0.1.Final/71e1cff3fcb20d3b3af4f3363c3ddb24d33c6879/hibernate-commons-annotations-5.0.1.Final.jar:/Users/victoryw/.gradle/caches/modules-2/files-2.1/org.springframework.data/spring-data-commons/1.13.7.RELEASE/cf4538abda1f0a9cf2323d6e4204df0130aeec73/spring-data-commons-1.13.7.RELEASE.jar:/Users/victoryw/.gradle/caches/modules-2/files-2.1/org.springframework/spring-orm/4.3.11.RELEASE/7ba1b25ad62b29295aa90ae88f9f35e84861953c/spring-orm-4.3.11.RELEASE.jar:/Users/victoryw/.gradle/caches/modules-2/files-2.1/org.springframework/spring-tx/4.3.11.RELEASE/c931ee363d2269f03edfeb83d7d7fe23924ab8a1/spring-tx-4.3.11.RELEASE.jar:/Users/victoryw/.gradle/caches/modules-2/files-2.1/org.slf4j/jcl-over-slf4j/1.7.25/f8c32b13ff142a513eeb5b6330b1588dcb2c0461/jcl-over-slf4j-1.7.25.jar:/Users/victoryw/.gradle/caches/modules-2/files-2.1/org.springframework.cloud/spring-cloud-starter-consul/1.2.1.RELEASE/9422a3990fdba8abc722102a2ddad16d89b6df5c/spring-cloud-starter-consul-1.2.1.RELEASE.jar:/Users/victoryw/.gradle/caches/modules-2/files-2.1/org.springframework.cloud/spring-cloud-consul-binder/1.2.1.RELEASE/4b94165f4985ece137187cc6dc13dcc2f9415499/spring-cloud-consul-binder-1.2.1.RELEASE.jar:/Users/victoryw/.gradle/caches/modules-2/files-2.1/org.springframework.cloud/spring-cloud-bus/1.3.1.RELEASE/d679dea7cdf002e4beafa33fa30c5a5ff9f74aa1/spring-cloud-bus-1.3.1.RELEASE.jar:/Users/victoryw/.gradle/caches/modules-2/files-2.1/org.springframework.cloud/spring-cloud-consul-config/1.2.1.RELEASE/b8fd2727957b28c918bcf18792a9927b55b4cd0d/spring-cloud-consul-config-1.2.1.RELEASE.jar:/Users/victoryw/.gradle/caches/modules-2/files-2.1/org.springframework.cloud/spring-cloud-context/1.2.4.RELEASE/60d7e955ed26f1d37c48fbbd42884f348f34e593/spring-cloud-context-1.2.4.RELEASE.jar:/Users/victoryw/.gradle/caches/modules-2/files-2.1/org.springframework.cloud/spring-cloud-consul-discovery/1.2.1.RELEASE/e812e3e9253098c108a40724f52fabac8b4559ef/spring-cloud-consul-discovery-1.2.1.RELEASE.jar:/Users/victoryw/.gradle/caches/modules-2/files-2.1/joda-time/joda-time/2.9.9/f7b520c458572890807d143670c9b24f4de90897/joda-time-2.9.9.jar:/Users/victoryw/.gradle/caches/modules-2/files-2.1/org.springframework.security/spring-security-rsa/1.0.3.RELEASE/b0b1ee770597b5de1b51e9a889dfd2dc35d251b0/spring-security-rsa-1.0.3.RELEASE.jar:/Users/victoryw/.gradle/caches/modules-2/files-2.1/com.netflix.archaius/archaius-core/0.7.4/d6b5e5c541452248fd8565ccd0732623c81a30b5/archaius-core-0.7.4.jar:/Users/victoryw/.gradle/caches/modules-2/files-2.1/commons-configuration/commons-configuration/1.8/6cce40435bcd8018018f16898de01976b319941a/commons-configuration-1.8.jar:/Users/victoryw/.gradle/caches/modules-2/files-2.1/com.netflix.ribbon/ribbon-transport/2.2.2/de836ea86da897f3ecf5ac9d2cc790ea2293f017/ribbon-transport-2.2.2.jar:/Users/victoryw/.gradle/caches/modules-2/files-2.1/com.netflix.hystrix/hystrix-core/1.5.12/75379b6671fcaa9cec33035df684a68ec7741ca6/hystrix-core-1.5.12.jar:/Users/victoryw/.gradle/caches/modules-2/files-2.1/javax.inject/javax.inject/1/6975da39a7040257bd51d21a231b76c915872d38/javax.inject-1.jar:/Users/victoryw/.gradle/caches/modules-2/files-2.1/io.reactivex/rxnetty/0.4.9/5aff3c9d6bb9d9066c378bb3d2a4413ed1773bcf/rxnetty-0.4.9.jar:/Users/victoryw/.gradle/caches/modules-2/files-2.1/commons-lang/commons-lang/2.6/ce1edb914c94ebc388f086c6827e8bdeec71ac2/commons-lang-2.6.jar:/Users/victoryw/.gradle/caches/modules-2/files-2.1/commons-collections/commons-collections/3.2.2/8ad72fe39fa8c91eaaf12aadb21e0c3661fe26d5/commons-collections-3.2.2.jar:/Users/victoryw/.gradle/caches/modules-2/files-2.1/org.apache.httpcomponents/httpclient/4.5.3/d1577ae15f01ef5438c5afc62162457c00a34713/httpclient-4.5.3.jar:/Users/victoryw/.gradle/caches/modules-2/files-2.1/com.sun.jersey/jersey-client/1.19.1/2df97ebd4e5c01599584c45caa3aeb563d268eef/jersey-client-1.19.1.jar:/Users/victoryw/.gradle/caches/modules-2/files-2.1/com.sun.jersey.contribs/jersey-apache-client4/1.19.1/e1c45701a003097ace96bed4bc8fb937e9867498/jersey-apache-client4-1.19.1.jar:/Users/victoryw/.gradle/caches/modules-2/files-2.1/com.netflix.servo/servo-core/0.10.1/7461ed61647f9996c88ad822546ffc7851a45e0e/servo-core-0.10.1.jar:/Users/victoryw/.gradle/caches/modules-2/files-2.1/com.netflix.netflix-commons/netflix-commons-util/0.1.1/39e67061780476f207b31465baaed84a91ff659f/netflix-commons-util-0.1.1.jar:/Users/victoryw/.gradle/caches/modules-2/files-2.1/com.netflix.netflix-commons/netflix-statistics/0.1.1/12f6e48253f9cafa0e24d7d232ff504c52143212/netflix-statistics-0.1.1.jar:/Users/victoryw/.gradle/caches/modules-2/files-2.1/org.springframework.security/spring-security-crypto/4.2.3.RELEASE/a5c850acc91bff1970fe751d7407df81c4bce3cc/spring-security-crypto-4.2.3.RELEASE.jar:/Users/victoryw/.gradle/caches/modules-2/files-2.1/org.jvnet/animal-sniffer-annotation/1.0/67da8e0d8a8ef79c461a489f9f7bb3e86e23ccae/animal-sniffer-annotation-1.0.jar:/Users/victoryw/.gradle/caches/modules-2/files-2.1/io.springfox/springfox-core/2.6.1/5c502e6b9d50d34096077eacc384cd00f63710e1/springfox-core-2.6.1.jar:/Users/victoryw/.gradle/caches/modules-2/files-2.1/net.minidev/json-smart/2.2.1/5b9e5df7a62d1279b70dc882b041d249c4f0b002/json-smart-2.2.1.jar:/Users/victoryw/.gradle/caches/modules-2/files-2.1/org.objenesis/objenesis/2.1/87c0ea803b69252868d09308b4618f766f135a96/objenesis-2.1.jar:/Users/victoryw/.gradle/caches/modules-2/files-2.1/com.vaadin.external.google/android-json/0.0.20131108.vaadin1/fa26d351fe62a6a17f5cda1287c1c6110dec413f/android-json-0.0.20131108.vaadin1.jar:/Users/victoryw/.gradle/caches/modules-2/files-2.1/ch.qos.logback/logback-classic/1.1.11/ccedfbacef4a6515d2983e3f89ed753d5d4fb665/logback-classic-1.1.11.jar:/Users/victoryw/.gradle/caches/modules-2/files-2.1/org.slf4j/jul-to-slf4j/1.7.25/af5364cd6679bfffb114f0dec8a157aaa283b76/jul-to-slf4j-1.7.25.jar:/Users/victoryw/.gradle/caches/modules-2/files-2.1/org.slf4j/log4j-over-slf4j/1.7.25/a87bb47468f47ee7aabbd54f93e133d4215769c3/log4j-over-slf4j-1.7.25.jar:/Users/victoryw/.gradle/caches/modules-2/files-2.1/org.apache.tomcat/tomcat-juli/8.5.20/6c0579d329696059f377585d2a51455bf083d9ee/tomcat-juli-8.5.20.jar:/Users/victoryw/.gradle/caches/modules-2/files-2.1/org.springframework.cloud/spring-cloud-consul-core/1.2.1.RELEASE/b9d85b90fb9e3193ab267c8c7aef15c26758c402/spring-cloud-consul-core-1.2.1.RELEASE.jar:/Users/victoryw/.gradle/caches/modules-2/files-2.1/com.ecwid.consul/consul-api/1.2.2/49ccd9a0e1a1d3b8c41fbfa3138b3a7f5ac3615b/consul-api-1.2.2.jar:/Users/victoryw/.gradle/caches/modules-2/files-2.1/com.google.code.gson/gson/2.8.1/2a8e0aa38a2e21cb39e2f5a7d6704cbdc941da0/gson-2.8.1.jar:/Users/victoryw/.gradle/caches/modules-2/files-2.1/org.apache.httpcomponents/httpcore/4.4.6/e3fd8ced1f52c7574af952e2e6da0df8df08eb82/httpcore-4.4.6.jar:/Users/victoryw/.gradle/caches/modules-2/files-2.1/org.springframework.cloud/spring-cloud-stream/1.2.2.RELEASE/9042343672f342ed60a6a575e47825c1fa874b6e/spring-cloud-stream-1.2.2.RELEASE.jar:/Users/victoryw/.gradle/caches/modules-2/files-2.1/org.springframework.integration/spring-integration-core/4.3.12.RELEASE/8ed9d0e456a297ce6f58af967e6ee44ffd80ef6/spring-integration-core-4.3.12.RELEASE.jar:/Users/victoryw/.gradle/caches/modules-2/files-2.1/org.bouncycastle/bcpkix-jdk15on/1.55/6392d8cba22b722c6570d660ca0b3921ff1bae4f/bcpkix-jdk15on-1.55.jar:/Users/victoryw/.gradle/caches/modules-2/files-2.1/com.google.code.findbugs/jsr305/3.0.1/f7be08ec23c21485b9b5a1cf1654c2ec8c58168d/jsr305-3.0.1.jar:/Users/victoryw/.gradle/caches/modules-2/files-2.1/io.reactivex/rxnetty-contexts/0.4.9/6efe17a25602a5424c18ab975aa9c28b6d6b7f56/rxnetty-contexts-0.4.9.jar:/Users/victoryw/.gradle/caches/modules-2/files-2.1/io.reactivex/rxnetty-servo/0.4.9/b7d6d6e132686c280f16710eaa3e90719f6808f8/rxnetty-servo-0.4.9.jar:/Users/victoryw/.gradle/caches/modules-2/files-2.1/org.hdrhistogram/HdrHistogram/2.1.9/e4631ce165eb400edecfa32e03d3f1be53dee754/HdrHistogram-2.1.9.jar:/Users/victoryw/.gradle/caches/modules-2/files-2.1/io.netty/netty-codec-http/4.0.27.Final/59b04b31b58942615c0035c61db1167d118ee218/netty-codec-http-4.0.27.Final.jar:/Users/victoryw/.gradle/caches/modules-2/files-2.1/io.netty/netty-transport-native-epoll/4.0.27.Final/3da4eda5697a09c9f8e217bc6a0f265b5b5102c5/netty-transport-native-epoll-4.0.27.Final.jar:/Users/victoryw/.gradle/caches/modules-2/files-2.1/commons-codec/commons-codec/1.10/4b95f4897fa13f2cd904aee711aeafc0c5295cd8/commons-codec-1.10.jar:/Users/victoryw/.gradle/caches/modules-2/files-2.1/com.sun.jersey/jersey-core/1.19.1/4282d106f2acd5051bd9bc2935ed9a2920c9385/jersey-core-1.19.1.jar:/Users/victoryw/.gradle/caches/modules-2/files-2.1/com.netflix.servo/servo-internal/0.10.1/bb6f9cd7b309189bad01b93a806ba9d6cb5d915a/servo-internal-0.10.1.jar:/Users/victoryw/.gradle/caches/modules-2/files-2.1/net.minidev/accessors-smart/1.1/a527213f2fea112a04c9bdf0ec0264e34104cd08/accessors-smart-1.1.jar:/Users/victoryw/.gradle/caches/modules-2/files-2.1/ch.qos.logback/logback-core/1.1.11/88b8df40340eed549fb07e2613879bf6b006704d/logback-core-1.1.11.jar:/Users/victoryw/.gradle/caches/modules-2/files-2.1/org.springframework.boot/spring-boot-starter-actuator/1.5.7.RELEASE/c8058080955524edbbacda602f25d1c5fdf2a3a9/spring-boot-starter-actuator-1.5.7.RELEASE.jar:/Users/victoryw/.gradle/caches/modules-2/files-2.1/org.springframework.boot/spring-boot-starter-validation/1.5.7.RELEASE/a2e87bf66a1db8037e1feeba7e7063996fa72090/spring-boot-starter-validation-1.5.7.RELEASE.jar:/Users/victoryw/.gradle/caches/modules-2/files-2.1/org.springframework/spring-messaging/4.3.11.RELEASE/1e99d0fcc51044594c1ffb484b997dcd864241f6/spring-messaging-4.3.11.RELEASE.jar:/Users/victoryw/.gradle/caches/modules-2/files-2.1/org.springframework.integration/spring-integration-jmx/4.3.12.RELEASE/7c20600b244bcc32b0aa5621ba42c9695c676fec/spring-integration-jmx-4.3.12.RELEASE.jar:/Users/victoryw/.gradle/caches/modules-2/files-2.1/org.springframework/spring-tuple/1.0.0.RELEASE/5feaacebc66a885e9f2017063586df2300ce5c68/spring-tuple-1.0.0.RELEASE.jar:/Users/victoryw/.gradle/caches/modules-2/files-2.1/org.springframework.integration/spring-integration-tuple/1.0.0.RELEASE/4ac09adb2ab6857604784b3e61ef02bcdc974928/spring-integration-tuple-1.0.0.RELEASE.jar:/Users/victoryw/.gradle/caches/modules-2/files-2.1/org.springframework.retry/spring-retry/1.2.1.RELEASE/c43fedb7dfc7e0483679c2f20e09776d98f0813f/spring-retry-1.2.1.RELEASE.jar:/Users/victoryw/.gradle/caches/modules-2/files-2.1/org.bouncycastle/bcprov-jdk15on/1.55/935f2e57a00ec2c489cbd2ad830d4a399708f979/bcprov-jdk15on-1.55.jar:/Users/victoryw/.gradle/caches/modules-2/files-2.1/io.netty/netty-codec/4.0.27.Final/8ed3790b480d4370d22ad1b74a79a54663619b3/netty-codec-4.0.27.Final.jar:/Users/victoryw/.gradle/caches/modules-2/files-2.1/io.netty/netty-handler/4.0.27.Final/91d5c8e25150759bdfce680f318e7b3e8a493b1f/netty-handler-4.0.27.Final.jar:/Users/victoryw/.gradle/caches/modules-2/files-2.1/io.netty/netty-common/4.0.27.Final/f9adee4559928c2e75d58b33e109c17342cb0991/netty-common-4.0.27.Final.jar:/Users/victoryw/.gradle/caches/modules-2/files-2.1/io.netty/netty-buffer/4.0.27.Final/91d5d38fd5cfa7b507e4f82297ba2bf7f30be805/netty-buffer-4.0.27.Final.jar:/Users/victoryw/.gradle/caches/modules-2/files-2.1/io.netty/netty-transport/4.0.27.Final/fc1e00d9d2815f74df6af1cf79da65d6b2d6b102/netty-transport-4.0.27.Final.jar:/Users/victoryw/.gradle/caches/modules-2/files-2.1/javax.ws.rs/jsr311-api/1.1.1/59033da2a1afd56af1ac576750a8d0b1830d59e6/jsr311-api-1.1.1.jar:/Users/victoryw/.gradle/caches/modules-2/files-2.1/org.ow2.asm/asm/5.0.3/dcc2193db20e19e1feca8b1240dbbc4e190824fa/asm-5.0.3.jar:/Users/victoryw/.gradle/caches/modules-2/files-2.1/org.springframework.boot/spring-boot-actuator/1.5.7.RELEASE/ff3124e2359be5e6c0d9cc501bf214413a329fee/spring-boot-actuator-1.5.7.RELEASE.jar:/Users/victoryw/.gradle/caches/modules-2/files-2.1/com.esotericsoftware/kryo-shaded/3.0.3/977d6b42d82de551fcf77dad84ef06c2839e3a74/kryo-shaded-3.0.3.jar:/Users/victoryw/.gradle/caches/modules-2/files-2.1/com.esotericsoftware/minlog/1.3.0/ff07b5f1b01d2f92bb00a337f9a94873712f0827/minlog-1.3.0.jar, user.name=victoryw, java.vm.specification.version=1.8, sun.java.command=worker.org.gradle.process.internal.worker.GradleWorkerMain 'Gradle Test Executor 1', java.home=/Library/Java/JavaVirtualMachines/jdk1.8.0_77.jdk/Contents/Home/jre, sun.arch.data.model=64, user.language=en, java.specification.vendor=Oracle Corporation, awt.toolkit=sun.lwawt.macosx.LWCToolkit, java.vm.info=mixed mode, java.version=1.8.0_77, java.ext.dirs=/Users/victoryw/Library/Java/Extensions:/Library/Java/JavaVirtualMachines/jdk1.8.0_77.jdk/Contents/Home/jre/lib/ext:/Library/Java/Extensions:/Network/Library/Java/Extensions:/System/Library/Java/Extensions:/usr/lib/java, sun.boot.class.path=/Library/Java/JavaVirtualMachines/jdk1.8.0_77.jdk/Contents/Home/jre/lib/resources.jar:/Library/Java/JavaVirtualMachines/jdk1.8.0_77.jdk/Contents/Home/jre/lib/rt.jar:/Library/Java/JavaVirtualMachines/jdk1.8.0_77.jdk/Contents/Home/jre/lib/sunrsasign.jar:/Library/Java/JavaVirtualMachines/jdk1.8.0_77.jdk/Contents/Home/jre/lib/jsse.jar:/Library/Java/JavaVirtualMachines/jdk1.8.0_77.jdk/Contents/Home/jre/lib/jce.jar:/Library/Java/JavaVirtualMachines/jdk1.8.0_77.jdk/Contents/Home/jre/lib/charsets.jar:/Library/Java/JavaVirtualMachines/jdk1.8.0_77.jdk/Contents/Home/jre/lib/jfr.jar:/Library/Java/JavaVirtualMachines/jdk1.8.0_77.jdk/Contents/Home/jre/classes, java.vendor=Oracle Corporation, org.gradle.test.worker=1, file.separator=/, java.vendor.url.bug=http://bugreport.sun.com/bugreport/, sun.io.unicode.encoding=UnicodeBig, sun.cpu.endian=little, sun.cpu.isalist=}}, SystemEnvironmentPropertySource@596501652 {name='systemEnvironment', properties={PYENV_SHELL=zsh, PATH=/usr/local/var/rbenv/shims:/Users/victoryw/.pyenv/shims:/Library/Frameworks/Python.framework/Versions/3.6/bin:/usr/local/bin:/usr/bin:/bin:/usr/sbin:/sbin:/usr/local/share/dotnet:/opt/X11/bin:/Users/victoryw/.nvm/versions/node/v8.4.0/bin:/Users/victoryw/.fastlane/bin:/usr/local/opt/php56/bin:/Users/victoryw/.pyenv/bin:/usr/local/sbin:/Users/victoryw/.node/bin:/Users/victoryw/bin:/Users/victoryw/.rvm/bin:/usr/local/opt/go/libexec/bin:/opt/confd/bin:/usr/local/Cellar/node/7.3.0/bin, JAVA_MAIN_CLASS_8297=worker.org.gradle.process.internal.worker.GradleWorkerMain, APP_NAME_8278=Gradle, RBENV_SHELL=zsh, ZOOCFGDIR=/usr/local/etc/zookeeper/, AUTOJUMP_SOURCED=1, COLORTERM=truecolor, LOGNAME=victoryw, PWD=/Users/victoryw/myfiles/worksspace/DDD-Sample/DDD-MicroService-Kata/petstore-inventory, TERM_PROGRAM_VERSION=3.1.5.beta.2, NVM_CD_FLAGS=-q, SHELL=/bin/zsh, PAGER=less, PYENV_ROOT=/Users/victoryw/.pyenv, SECURITYSESSIONID=186a7, GOPATH=/Users/victoryw/myfiles/worksspace/gowork, OLDPWD=/usr/local/Cellar/gradle/3.5/libexec, ZSH=/Users/victoryw/.oh-my-zsh, ITERM_PROFILE=Default, TMPDIR=/var/folders/2l/nfd5flwn5bv8tkm2w12r8qj00000gn/T/, XPC_FLAGS=0x0, TERM_SESSION_ID=w0t1p0:ECAB6F56-C29F-4236-9E60-530B216EAADC, __CF_USER_TEXT_ENCODING=0x1F5:0x0:0x0, Apple_PubSub_Socket_Render=/private/tmp/com.apple.launchd.VSa6ueNw25/Render, LESS=-R, LC_CTYPE=en_US.UTF-8, COLORFGBG=15;0, SHLVL=1, AUTOJUMP_ERROR_PATH=/Users/victoryw/Library/autojump/errors.log, JAVA_ARCH=x86_64, JAVA_MAIN_CLASS_8278=org.gradle.launcher.GradleMain, TERM=xterm-256color, APP_ICON_8278=/usr/local/Cellar/gradle/3.5/libexec/media/gradle.icns, LANG=en_US.UTF-8, COMMAND_MODE=unix2003, DISPLAY=/private/tmp/com.apple.launchd.cnzA1sbxEQ/org.macosforge.xquartz:0, ITERM_SESSION_ID=w0t1p0:ECAB6F56-C29F-4236-9E60-530B216EAADC, ZOOCFG=zoo.cfg, XPC_SERVICE_NAME=0, HOMEBREW_GITHUB_API_TOKEN=c959538ed12808077aff924a56e61bb516f4e92b, NVM_DIR=/Users/victoryw/.nvm, TERM_PROGRAM=iTerm.app, LSCOLORS=Gxfxcxdxbxegedabagacad, RBENV_ROOT=/usr/local/var/rbenv, USER=victoryw, SSH_AUTH_SOCK=/private/tmp/com.apple.launchd.0hcoRTJzvj/Listeners, com.apple.java.jvmTask=CommandLine, NVM_BIN=/Users/victoryw/.nvm/versions/node/v8.4.0/bin, HOME=/Users/victoryw}}]
16:36:20.376 [Test worker] DEBUG org.springframework.core.env.StandardEnvironment - Adding PropertySource 'test' with highest search precedence
16:36:20.379 [Test worker] DEBUG org.springframework.core.env.MutablePropertySources - Adding PropertySource 'inline' with highest search precedence
16:36:20.384 [Test worker] DEBUG org.springframework.test.context.support.TestPropertySourceUtils - Adding inlined properties to environment: {spring.jmx.enabled=false, org.springframework.boot.test.context.SpringBootTestContextBootstrapper=true, server.port=-1}
16:36:20.384 [Test worker] DEBUG org.springframework.core.env.StandardEnvironment - Adding PropertySource 'Inlined Test Properties' with highest search precedence
2017-12-02 16:36:26.947  INFO 8297 --- [    Test worker] s.c.a.AnnotationConfigApplicationContext : Refreshing org.springframework.context.annotation.AnnotationConfigApplicationContext@72fdc4c8: startup date [Sat Dec 02 16:36:26 CST 2017]; root of context hierarchy
2017-12-02 16:36:27.437  INFO 8297 --- [    Test worker] f.a.AutowiredAnnotationBeanPostProcessor : JSR-330 'javax.inject.Inject' annotation found and supported for autowiring
2017-12-02 16:36:27.516  INFO 8297 --- [    Test worker] trationDelegate$BeanPostProcessorChecker : Bean 'configurationPropertiesRebinderAutoConfiguration' of type [org.springframework.cloud.autoconfigure.ConfigurationPropertiesRebinderAutoConfiguration$$EnhancerBySpringCGLIB$$3b66035a] is not eligible for getting processed by all BeanPostProcessors (for example: not eligible for auto-proxying)

  .   ____          _            __ _ _
 /\\ / ___'_ __ _ _(_)_ __  __ _ \ \ \ \
( ( )\___ | '_ | '_| | '_ \/ _` | \ \ \ \
 \\/  ___)| |_)| | | | | || (_| |  ) ) ) )
  '  |____| .__|_| |_|_| |_\__, | / / / /
 =========|_|==============|___/=/_/_/_/
 :: Spring Boot ::        (v1.5.7.RELEASE)

2017-12-02 16:36:32.955  INFO 8297 --- [    Test worker] c.T.D.I.InventoryApplicationTests        : The following profiles are active: test
[...]
2017-12-02 16:36:39.018  INFO 8297 --- [    Test worker] s.w.s.m.m.a.RequestMappingHandlerMapping : Mapped "{[/api/users],methods=[POST]}" onto public final org.springframework.http.ResponseEntity com.ThoughtWorks.DDD.Inventory.interfaces.UserFacade.createUser(com.ThoughtWorks.DDD.Inventory.interfaces.User)
2017-12-02 16:36:39.018  INFO 8297 --- [    Test worker] s.w.s.m.m.a.RequestMappingHandlerMapping : Mapped "{[/api/users/sample],methods=[GET]}" onto public final java.lang.String com.ThoughtWorks.DDD.Inventory.interfaces.UserFacade.CallServiceSample()
2017-12-02 16:36:39.019  INFO 8297 --- [    Test worker] s.w.s.m.m.a.RequestMappingHandlerMapping : Mapped "{[/v2/api-docs],methods=[GET],produces=[application/json || application/hal+json]}" onto public org.springframework.http.ResponseEntity<springfox.documentation.spring.web.json.Json> springfox.documentation.swagger2.web.Swagger2Controller.getDocumentation(java.lang.String,javax.servlet.http.HttpServletRequest)
2017-12-02 16:36:39.023  INFO 8297 --- [    Test worker] s.w.s.m.m.a.RequestMappingHandlerMapping : Mapped "{[/swagger-resources]}" onto org.springframework.http.ResponseEntity<java.util.List<springfox.documentation.swagger.web.SwaggerResource>> springfox.documentation.swagger.web.ApiResourceController.swaggerResources()
2017-12-02 16:36:39.024  INFO 8297 --- [    Test worker] s.w.s.m.m.a.RequestMappingHandlerMapping : Mapped "{[/swagger-resources/configuration/security]}" onto org.springframework.http.ResponseEntity<springfox.documentation.swagger.web.SecurityConfiguration> springfox.documentation.swagger.web.ApiResourceController.securityConfiguration()
2017-12-02 16:36:39.025  INFO 8297 --- [    Test worker] s.w.s.m.m.a.RequestMappingHandlerMapping : Mapped "{[/swagger-resources/configuration/ui]}" onto org.springframework.http.ResponseEntity<springfox.documentation.swagger.web.UiConfiguration> springfox.documentation.swagger.web.ApiResourceController.uiConfiguration()
2017-12-02 16:36:39.038  INFO 8297 --- [    Test worker] s.w.s.m.m.a.RequestMappingHandlerMapping : Mapped "{[/error]}" onto public org.springframework.http.ResponseEntity<java.util.Map<java.lang.String, java.lang.Object>> org.springframework.boot.autoconfigure.web.BasicErrorController.error(javax.servlet.http.HttpServletRequest)
2017-12-02 16:36:39.039  INFO 8297 --- [    Test worker] s.w.s.m.m.a.RequestMappingHandlerMapping : Mapped "{[/error],produces=[text/html]}" onto public org.springframework.web.servlet.ModelAndView org.springframework.boot.autoconfigure.web.BasicErrorController.errorHtml(javax.servlet.http.HttpServletRequest,javax.servlet.http.HttpServletResponse)
2017-12-02 16:36:39.728  INFO 8297 --- [    Test worker] o.s.b.a.e.mvc.EndpointHandlerMapping     : Mapped "{[/health || /health.json],methods=[GET],produces=[application/vnd.spring-boot.actuator.v1+json || application/json]}" onto public java.lang.Object org.springframework.boot.actuate.endpoint.mvc.HealthMvcEndpoint.invoke(javax.servlet.http.HttpServletRequest,java.security.Principal)
2017-12-02 16:36:39.729  INFO 8297 --- [    Test worker] o.s.b.a.e.mvc.EndpointHandlerMapping     : Mapped "{[/pause || /pause.json],methods=[POST]}" onto public java.lang.Object org.springframework.cloud.endpoint.GenericPostableMvcEndpoint.invoke()
2017-12-02 16:36:39.731  INFO 8297 --- [    Test worker] o.s.b.a.e.mvc.EndpointHandlerMapping     : Mapped "{[/metrics/{name:.*}],methods=[GET],produces=[application/vnd.spring-boot.actuator.v1+json || application/json]}" onto public java.lang.Object org.springframework.boot.actuate.endpoint.mvc.MetricsMvcEndpoint.value(java.lang.String)
2017-12-02 16:36:39.731  INFO 8297 --- [    Test worker] o.s.b.a.e.mvc.EndpointHandlerMapping     : Mapped "{[/metrics || /metrics.json],methods=[GET],produces=[application/vnd.spring-boot.actuator.v1+json || application/json]}" onto public java.lang.Object org.springframework.boot.actuate.endpoint.mvc.EndpointMvcAdapter.invoke()
2017-12-02 16:36:39.732  INFO 8297 --- [    Test worker] o.s.b.a.e.mvc.EndpointHandlerMapping     : Mapped "{[/archaius || /archaius.json],methods=[GET],produces=[application/vnd.spring-boot.actuator.v1+json || application/json]}" onto public java.lang.Object org.springframework.boot.actuate.endpoint.mvc.EndpointMvcAdapter.invoke()
2017-12-02 16:36:39.734  INFO 8297 --- [    Test worker] o.s.b.a.e.mvc.EndpointHandlerMapping     : Mapped "{[/env],methods=[POST]}" onto public java.lang.Object org.springframework.cloud.context.environment.EnvironmentManagerMvcEndpoint.value(java.util.Map<java.lang.String, java.lang.String>)
2017-12-02 16:36:39.736  INFO 8297 --- [    Test worker] o.s.b.a.e.mvc.EndpointHandlerMapping     : Mapped "{[/env/reset],methods=[POST]}" onto public java.util.Map<java.lang.String, java.lang.Object> org.springframework.cloud.context.environment.EnvironmentManagerMvcEndpoint.reset()
2017-12-02 16:36:39.737  INFO 8297 --- [    Test worker] o.s.b.a.e.mvc.EndpointHandlerMapping     : Mapped "{[/features || /features.json],methods=[GET],produces=[application/vnd.spring-boot.actuator.v1+json || application/json]}" onto public java.lang.Object org.springframework.boot.actuate.endpoint.mvc.EndpointMvcAdapter.invoke()
2017-12-02 16:36:39.740  INFO 8297 --- [    Test worker] o.s.b.a.e.mvc.EndpointHandlerMapping     : Mapped "{[/heapdump || /heapdump.json],methods=[GET],produces=[application/octet-stream]}" onto public void org.springframework.boot.actuate.endpoint.mvc.HeapdumpMvcEndpoint.invoke(boolean,javax.servlet.http.HttpServletRequest,javax.servlet.http.HttpServletResponse) throws java.io.IOException,javax.servlet.ServletException
2017-12-02 16:36:39.742  INFO 8297 --- [    Test worker] o.s.b.a.e.mvc.EndpointHandlerMapping     : Mapped "{[/loggers/{name:.*}],methods=[GET],produces=[application/vnd.spring-boot.actuator.v1+json || application/json]}" onto public java.lang.Object org.springframework.boot.actuate.endpoint.mvc.LoggersMvcEndpoint.get(java.lang.String)
2017-12-02 16:36:39.743  INFO 8297 --- [    Test worker] o.s.b.a.e.mvc.EndpointHandlerMapping     : Mapped "{[/loggers/{name:.*}],methods=[POST],consumes=[application/vnd.spring-boot.actuator.v1+json || application/json],produces=[application/vnd.spring-boot.actuator.v1+json || application/json]}" onto public java.lang.Object org.springframework.boot.actuate.endpoint.mvc.LoggersMvcEndpoint.set(java.lang.String,java.util.Map<java.lang.String, java.lang.String>)
2017-12-02 16:36:39.743  INFO 8297 --- [    Test worker] o.s.b.a.e.mvc.EndpointHandlerMapping     : Mapped "{[/loggers || /loggers.json],methods=[GET],produces=[application/vnd.spring-boot.actuator.v1+json || application/json]}" onto public java.lang.Object org.springframework.boot.actuate.endpoint.mvc.EndpointMvcAdapter.invoke()
2017-12-02 16:36:39.745  INFO 8297 --- [    Test worker] o.s.b.a.e.mvc.EndpointHandlerMapping     : Mapped "{[/mappings || /mappings.json],methods=[GET],produces=[application/vnd.spring-boot.actuator.v1+json || application/json]}" onto public java.lang.Object org.springframework.boot.actuate.endpoint.mvc.EndpointMvcAdapter.invoke()
2017-12-02 16:36:39.747  INFO 8297 --- [    Test worker] o.s.b.a.e.mvc.EndpointHandlerMapping     : Mapped "{[/info || /info.json],methods=[GET],produces=[application/vnd.spring-boot.actuator.v1+json || application/json]}" onto public java.lang.Object org.springframework.boot.actuate.endpoint.mvc.EndpointMvcAdapter.invoke()
2017-12-02 16:36:39.748  INFO 8297 --- [    Test worker] o.s.b.a.e.mvc.EndpointHandlerMapping     : Mapped "{[/beans || /beans.json],methods=[GET],produces=[application/vnd.spring-boot.actuator.v1+json || application/json]}" onto public java.lang.Object org.springframework.boot.actuate.endpoint.mvc.EndpointMvcAdapter.invoke()
2017-12-02 16:36:39.749  INFO 8297 --- [    Test worker] o.s.b.a.e.mvc.EndpointHandlerMapping     : Mapped "{[/configprops || /configprops.json],methods=[GET],produces=[application/vnd.spring-boot.actuator.v1+json || application/json]}" onto public java.lang.Object org.springframework.boot.actuate.endpoint.mvc.EndpointMvcAdapter.invoke()
2017-12-02 16:36:39.752  INFO 8297 --- [    Test worker] o.s.b.a.e.mvc.EndpointHandlerMapping     : Mapped "{[/resume || /resume.json],methods=[POST]}" onto public java.lang.Object org.springframework.cloud.endpoint.GenericPostableMvcEndpoint.invoke()
2017-12-02 16:36:39.753  INFO 8297 --- [    Test worker] o.s.b.a.e.mvc.EndpointHandlerMapping     : Mapped "{[/dump || /dump.json],methods=[GET],produces=[application/vnd.spring-boot.actuator.v1+json || application/json]}" onto public java.lang.Object org.springframework.boot.actuate.endpoint.mvc.EndpointMvcAdapter.invoke()
2017-12-02 16:36:39.755  INFO 8297 --- [    Test worker] o.s.b.a.e.mvc.EndpointHandlerMapping     : Mapped "{[/env/{name:.*}],methods=[GET],produces=[application/vnd.spring-boot.actuator.v1+json || application/json]}" onto public java.lang.Object org.springframework.boot.actuate.endpoint.mvc.EnvironmentMvcEndpoint.value(java.lang.String)
2017-12-02 16:36:39.756  INFO 8297 --- [    Test worker] o.s.b.a.e.mvc.EndpointHandlerMapping     : Mapped "{[/env || /env.json],methods=[GET],produces=[application/vnd.spring-boot.actuator.v1+json || application/json]}" onto public java.lang.Object org.springframework.boot.actuate.endpoint.mvc.EndpointMvcAdapter.invoke()
2017-12-02 16:36:39.758  INFO 8297 --- [    Test worker] o.s.b.a.e.mvc.EndpointHandlerMapping     : Mapped "{[/restart || /restart.json],methods=[POST]}" onto public java.lang.Object org.springframework.cloud.context.restart.RestartMvcEndpoint.invoke()
2017-12-02 16:36:39.759  INFO 8297 --- [    Test worker] o.s.b.a.e.mvc.EndpointHandlerMapping     : Mapped "{[/trace || /trace.json],methods=[GET],produces=[application/vnd.spring-boot.actuator.v1+json || application/json]}" onto public java.lang.Object org.springframework.boot.actuate.endpoint.mvc.EndpointMvcAdapter.invoke()
2017-12-02 16:36:39.761  INFO 8297 --- [    Test worker] o.s.b.a.e.mvc.EndpointHandlerMapping     : Mapped "{[/auditevents || /auditevents.json],methods=[GET],produces=[application/vnd.spring-boot.actuator.v1+json || application/json]}" onto public org.springframework.http.ResponseEntity<?> org.springframework.boot.actuate.endpoint.mvc.AuditEventsMvcEndpoint.findByPrincipalAndAfterAndType(java.lang.String,java.util.Date,java.lang.String)
2017-12-02 16:36:39.762  INFO 8297 --- [    Test worker] o.s.b.a.e.mvc.EndpointHandlerMapping     : Mapped "{[/autoconfig || /autoconfig.json],methods=[GET],produces=[application/vnd.spring-boot.actuator.v1+json || application/json]}" onto public java.lang.Object org.springframework.boot.actuate.endpoint.mvc.EndpointMvcAdapter.invoke()
2017-12-02 16:36:39.763  INFO 8297 --- [    Test worker] o.s.b.a.e.mvc.EndpointHandlerMapping     : Mapped "{[/refresh || /refresh.json],methods=[POST]}" onto public java.lang.Object org.springframework.cloud.endpoint.GenericPostableMvcEndpoint.invoke()
2017-12-02 16:36:40.360  WARN 8297 --- [    Test worker] c.n.c.sources.URLConfigurationSource     : No URLs will be polled as dynamic configuration sources.
2017-12-02 16:36:40.361  INFO 8297 --- [    Test worker] c.n.c.sources.URLConfigurationSource     : To enable URLs as dynamic configuration sources, define System property archaius.configurationSource.additionalUrls or make config.properties available on classpath.
2017-12-02 16:36:40.371  WARN 8297 --- [    Test worker] c.n.c.sources.URLConfigurationSource     : No URLs will be polled as dynamic configuration sources.
2017-12-02 16:36:40.371  INFO 8297 --- [    Test worker] c.n.c.sources.URLConfigurationSource     : To enable URLs as dynamic configuration sources, define System property archaius.configurationSource.additionalUrls or make config.properties available on classpath.
2017-12-02 16:36:40.687  INFO 8297 --- [    Test worker] s.w.s.m.m.a.RequestMappingHandlerAdapter : Looking for @ControllerAdvice: org.springframework.web.context.support.GenericWebApplicationContext@13cae390: startup date [Sat Dec 02 16:36:32 CST 2017]; parent: org.springframework.context.annotation.AnnotationConfigApplicationContext@72fdc4c8
2017-12-02 16:36:40.780  INFO 8297 --- [    Test worker] o.s.w.s.handler.SimpleUrlHandlerMapping  : Mapped URL path [/webjars/**] onto handler of type [class org.springframework.web.servlet.resource.ResourceHttpRequestHandler]
2017-12-02 16:36:40.780  INFO 8297 --- [    Test worker] o.s.w.s.handler.SimpleUrlHandlerMapping  : Mapped URL path [/**] onto handler of type [class org.springframework.web.servlet.resource.ResourceHttpRequestHandler]
2017-12-02 16:36:40.857  INFO 8297 --- [    Test worker] o.s.w.s.handler.SimpleUrlHandlerMapping  : Mapped URL path [/**/favicon.ico] onto handler of type [class org.springframework.web.servlet.resource.ResourceHttpRequestHandler]
2017-12-02 16:36:41.210  INFO 8297 --- [    Test worker] o.s.s.c.ThreadPoolTaskScheduler          : Initializing ExecutorService  'taskScheduler'
2017-12-02 16:36:42.245  INFO 8297 --- [    Test worker] o.s.c.support.DefaultLifecycleProcessor  : Starting beans in phase 0
2017-12-02 16:36:42.246  INFO 8297 --- [    Test worker] o.s.i.endpoint.EventDrivenConsumer       : Adding {logging-channel-adapter:_org.springframework.integration.errorLogger} as a subscriber to the 'errorChannel' channel
2017-12-02 16:36:42.247  INFO 8297 --- [    Test worker] o.s.i.channel.PublishSubscribeChannel    : Channel 'inventory:test:-1.errorChannel' has 1 subscriber(s).
2017-12-02 16:36:42.247  INFO 8297 --- [    Test worker] o.s.i.endpoint.EventDrivenConsumer       : started _org.springframework.integration.errorLogger
2017-12-02 16:36:42.248  INFO 8297 --- [    Test worker] o.s.c.support.DefaultLifecycleProcessor  : Starting beans in phase 2147483647
2017-12-02 16:36:42.248  INFO 8297 --- [    Test worker] d.s.w.p.DocumentationPluginsBootstrapper : Context refreshed
2017-12-02 16:36:42.281  INFO 8297 --- [    Test worker] d.s.w.p.DocumentationPluginsBootstrapper : Found 1 custom documentation plugin(s)
2017-12-02 16:36:42.310  INFO 8297 --- [    Test worker] s.d.s.w.s.ApiListingReferenceScanner     : Scanning for api listing references
2017-12-02 16:36:42.428  INFO 8297 --- [    Test worker] .d.s.w.r.o.CachingOperationNameGenerator : Generating unique operation named: findByPrincipalAndAfterAndTypeUsingGET_1
2017-12-02 16:36:42.659  INFO 8297 --- [    Test worker] .d.s.w.r.o.CachingOperationNameGenerator : Generating unique operation named: invokeUsingGET_1
2017-12-02 16:36:42.662  INFO 8297 --- [    Test worker] .d.s.w.r.o.CachingOperationNameGenerator : Generating unique operation named: invokeUsingGET_2
2017-12-02 16:36:42.666  INFO 8297 --- [    Test worker] .d.s.w.r.o.CachingOperationNameGenerator : Generating unique operation named: invokeUsingGET_3
2017-12-02 16:36:42.669  INFO 8297 --- [    Test worker] .d.s.w.r.o.CachingOperationNameGenerator : Generating unique operation named: invokeUsingGET_4
2017-12-02 16:36:42.673  INFO 8297 --- [    Test worker] .d.s.w.r.o.CachingOperationNameGenerator : Generating unique operation named: invokeUsingGET_5
2017-12-02 16:36:42.677  INFO 8297 --- [    Test worker] .d.s.w.r.o.CachingOperationNameGenerator : Generating unique operation named: invokeUsingGET_6
2017-12-02 16:36:42.679  INFO 8297 --- [    Test worker] .d.s.w.r.o.CachingOperationNameGenerator : Generating unique operation named: invokeUsingGET_7
2017-12-02 16:36:42.684  INFO 8297 --- [    Test worker] .d.s.w.r.o.CachingOperationNameGenerator : Generating unique operation named: invokeUsingGET_8
2017-12-02 16:36:42.687  INFO 8297 --- [    Test worker] .d.s.w.r.o.CachingOperationNameGenerator : Generating unique operation named: invokeUsingGET_9
2017-12-02 16:36:42.691  INFO 8297 --- [    Test worker] .d.s.w.r.o.CachingOperationNameGenerator : Generating unique operation named: invokeUsingGET_10
2017-12-02 16:36:42.695  INFO 8297 --- [    Test worker] .d.s.w.r.o.CachingOperationNameGenerator : Generating unique operation named: invokeUsingGET_11
2017-12-02 16:36:42.698  INFO 8297 --- [    Test worker] .d.s.w.r.o.CachingOperationNameGenerator : Generating unique operation named: invokeUsingGET_12
2017-12-02 16:36:42.700  INFO 8297 --- [    Test worker] .d.s.w.r.o.CachingOperationNameGenerator : Generating unique operation named: invokeUsingGET_13
2017-12-02 16:36:42.704  INFO 8297 --- [    Test worker] .d.s.w.r.o.CachingOperationNameGenerator : Generating unique operation named: invokeUsingGET_14
2017-12-02 16:36:42.708  INFO 8297 --- [    Test worker] .d.s.w.r.o.CachingOperationNameGenerator : Generating unique operation named: invokeUsingGET_15
2017-12-02 16:36:42.711  INFO 8297 --- [    Test worker] .d.s.w.r.o.CachingOperationNameGenerator : Generating unique operation named: invokeUsingGET_16
2017-12-02 16:36:42.713  INFO 8297 --- [    Test worker] .d.s.w.r.o.CachingOperationNameGenerator : Generating unique operation named: invokeUsingGET_17
2017-12-02 16:36:42.731  INFO 8297 --- [    Test worker] .d.s.w.r.o.CachingOperationNameGenerator : Generating unique operation named: invokeUsingGET_18
2017-12-02 16:36:42.735  INFO 8297 --- [    Test worker] .d.s.w.r.o.CachingOperationNameGenerator : Generating unique operation named: invokeUsingGET_19
2017-12-02 16:36:42.756  INFO 8297 --- [    Test worker] .d.s.w.r.o.CachingOperationNameGenerator : Generating unique operation named: invokeUsingPOST_1
2017-12-02 16:36:42.761  INFO 8297 --- [    Test worker] .d.s.w.r.o.CachingOperationNameGenerator : Generating unique operation named: invokeUsingPOST_2
2017-12-02 16:36:42.764  INFO 8297 --- [    Test worker] .d.s.w.r.o.CachingOperationNameGenerator : Generating unique operation named: invokeUsingPOST_3
2017-12-02 16:36:42.767  INFO 8297 --- [    Test worker] .d.s.w.r.o.CachingOperationNameGenerator : Generating unique operation named: invokeUsingPOST_4
2017-12-02 16:36:42.770  INFO 8297 --- [    Test worker] .d.s.w.r.o.CachingOperationNameGenerator : Generating unique operation named: invokeUsingPOST_5
2017-12-02 16:36:42.788  INFO 8297 --- [    Test worker] .d.s.w.r.o.CachingOperationNameGenerator : Generating unique operation named: invokeUsingGET_20
2017-12-02 16:36:42.793  INFO 8297 --- [    Test worker] .d.s.w.r.o.CachingOperationNameGenerator : Generating unique operation named: invokeUsingGET_21
2017-12-02 16:36:42.803  INFO 8297 --- [    Test worker] .d.s.w.r.o.CachingOperationNameGenerator : Generating unique operation named: invokeUsingGET_22
2017-12-02 16:36:42.811  INFO 8297 --- [    Test worker] .d.s.w.r.o.CachingOperationNameGenerator : Generating unique operation named: invokeUsingGET_23
2017-12-02 16:36:42.826  INFO 8297 --- [    Test worker] .d.s.w.r.o.CachingOperationNameGenerator : Generating unique operation named: invokeUsingGET_24
2017-12-02 16:36:42.831  INFO 8297 --- [    Test worker] .d.s.w.r.o.CachingOperationNameGenerator : Generating unique operation named: invokeUsingGET_25
2017-12-02 16:36:42.844  INFO 8297 --- [    Test worker] .d.s.w.r.o.CachingOperationNameGenerator : Generating unique operation named: invokeUsingGET_26
2017-12-02 16:36:42.846  INFO 8297 --- [    Test worker] .d.s.w.r.o.CachingOperationNameGenerator : Generating unique operation named: invokeUsingGET_27
2017-12-02 16:36:42.854  INFO 8297 --- [    Test worker] .d.s.w.r.o.CachingOperationNameGenerator : Generating unique operation named: valueUsingGET_1
2017-12-02 16:36:42.858  INFO 8297 --- [    Test worker] .d.s.w.r.o.CachingOperationNameGenerator : Generating unique operation named: invokeUsingPOST_6
2017-12-02 16:36:42.860  INFO 8297 --- [    Test worker] .d.s.w.r.o.CachingOperationNameGenerator : Generating unique operation named: invokeUsingPOST_7
2017-12-02 16:36:42.973  INFO 8297 --- [    Test worker] c.T.D.I.InventoryApplicationTests        : Started InventoryApplicationTests in 22.578 seconds (JVM running for 23.786)
]]></system-out>
  <system-err><![CDATA[]]></system-err>
</testsuite>
